time	nodes	len	fail pr	eval time	
0.166	9	4	0.984375	0.003	
0.256	25	5	0.9765625	0.004	
1.879	288	7	0.96484375	0.005	
5.637	1549	10	0.967041015625	0.007	
5.656	1566	10	0.93408203125	0.008	
12.976	3157	32	0.9497890472412109375	0.014	
Incomplete Features: 88
Solution Evaluation Time (s): 0.014
Model Counting Time (s): 0.004
Nodes Expanded: 4142
Total Time (s): 16.634

Plan found
turn_to satellite0 Star5 Phenomenon6
turn_to satellite0 Phenomenon4 Star5
switch_on instrument0 satellite0
turn_to satellite0 GroundStation2 Phenomenon4
turn_to satellite0 Star0 GroundStation2
turn_to satellite0 Phenomenon4 Star0
calibrate satellite0 instrument0 GroundStation2
take_image satellite0 Phenomenon6 instrument0 thermograph0
take_image satellite0 Phenomenon4 instrument0 thermograph0
take_image satellite0 Star0 instrument0 thermograph0
turn_to satellite0 GroundStation2 Phenomenon4
turn_to satellite0 Star0 GroundStation2
turn_to satellite0 Star5 Star0
turn_to satellite0 GroundStation1 Star5
turn_to satellite0 Star0 GroundStation1
turn_to satellite0 Phenomenon4 Star0
take_image satellite0 GroundStation2 instrument0 thermograph0
turn_to satellite0 GroundStation2 Phenomenon4
turn_to satellite0 Star0 GroundStation2
turn_to satellite0 Star5 Star0
turn_to satellite0 GroundStation1 Star5
turn_to satellite0 Phenomenon3 GroundStation1
turn_to satellite0 GroundStation1 Phenomenon3
turn_to satellite0 Star0 GroundStation1
turn_to satellite0 Phenomenon4 Star0
turn_to satellite0 Phenomenon6 Phenomenon4
take_image satellite0 GroundStation1 instrument0 thermograph0
turn_to satellite0 Phenomenon3 Phenomenon6
turn_to satellite0 GroundStation1 Phenomenon3
turn_to satellite0 Phenomenon4 GroundStation1
turn_to satellite0 GroundStation2 Phenomenon4
take_image satellite0 Star5 instrument0 thermograph0
