time	nodes	len	fail pr	eval time	
0.252	31	11	0.5	0.005	
5.924	1807	72	0.9921875	0.015	
Incomplete Features: 132
Solution Evaluation Time (s): 0.015
Model Counting Time (s): 0.006
Nodes Expanded: 1808
Total Time (s): 5.941

Plan found
turn_to satellite0 GroundStation1 Planet4
switch_on instrument0 satellite0
turn_to satellite0 Star7 GroundStation1
turn_to satellite0 Star0 Star7
calibrate satellite0 instrument0 Star0
turn_to satellite0 Phenomenon5 Star0
turn_to satellite0 Planet3 Phenomenon5
turn_to satellite0 Phenomenon6 Planet3
turn_to satellite0 Planet4 Phenomenon6
take_image satellite0 Planet4 instrument0 infrared1
turn_to satellite0 Phenomenon5 Planet4
take_image satellite0 Phenomenon5 instrument0 infrared1
turn_to satellite0 GroundStation1 Phenomenon5
take_image satellite0 GroundStation1 instrument0 infrared1
turn_to satellite0 Phenomenon5 GroundStation1
turn_to satellite0 Planet3 Phenomenon5
turn_to satellite0 Phenomenon6 Planet3
turn_to satellite0 Star0 Phenomenon6
take_image satellite0 Star0 instrument0 infrared0
turn_to satellite0 Phenomenon5 Star0
turn_to satellite0 Planet3 Phenomenon5
take_image satellite0 Planet3 instrument0 infrared1
turn_to satellite0 Phenomenon5 Planet3
turn_to satellite0 GroundStation1 Phenomenon5
turn_to satellite0 GroundStation2 GroundStation1
take_image satellite0 GroundStation2 instrument0 infrared0
take_image satellite0 GroundStation2 instrument0 infrared1
turn_to satellite0 Phenomenon6 GroundStation2
turn_to satellite0 Phenomenon5 Phenomenon6
turn_to satellite0 GroundStation1 Phenomenon5
turn_to satellite0 Planet4 GroundStation1
turn_to satellite0 Star7 Planet4
take_image satellite0 Star7 instrument0 infrared0
turn_to satellite0 Planet3 Star7
turn_to satellite0 Phenomenon6 Planet3
turn_to satellite0 Planet4 Phenomenon6
turn_to satellite0 Star0 Planet4
turn_to satellite0 GroundStation1 Star0
take_image satellite0 GroundStation1 instrument0 infrared0
turn_to satellite0 Phenomenon6 GroundStation1
turn_to satellite0 Star0 Phenomenon6
take_image satellite0 Star0 instrument0 infrared1
turn_to satellite0 Phenomenon6 Star0
turn_to satellite0 Planet3 Phenomenon6
take_image satellite0 Planet3 instrument0 infrared0
turn_to satellite0 Phenomenon6 Planet3
turn_to satellite0 Planet4 Phenomenon6
turn_to satellite0 Star0 Planet4
turn_to satellite0 GroundStation1 Star0
turn_to satellite0 GroundStation2 GroundStation1
turn_to satellite0 Star7 GroundStation2
take_image satellite0 Star7 instrument0 infrared1
turn_to satellite0 Phenomenon5 Star7
turn_to satellite0 Planet3 Phenomenon5
turn_to satellite0 GroundStation2 Planet3
turn_to satellite0 Planet4 GroundStation2
switch_off instrument0 satellite0
switch_on instrument1 satellite0
turn_to satellite0 Phenomenon5 Planet4
turn_to satellite0 GroundStation1 Phenomenon5
turn_to satellite0 GroundStation2 GroundStation1
calibrate satellite0 instrument1 GroundStation2
turn_to satellite0 Phenomenon6 GroundStation2
take_image satellite0 Phenomenon6 instrument1 image2
turn_to satellite0 Planet4 Phenomenon6
turn_to satellite0 Phenomenon5 Planet4
take_image satellite0 Phenomenon5 instrument1 image2
turn_to satellite0 GroundStation1 Phenomenon5
turn_to satellite0 Phenomenon6 GroundStation1
take_image satellite0 Phenomenon6 instrument1 infrared0
turn_to satellite0 Planet4 Phenomenon6
take_image satellite0 Planet4 instrument1 infrared0
