time	nodes	len	fail pr	eval time	
0.191	15	7	0.96875	0.004	
7.108	1407	309	0.9375	0.017	
12.376	1572	63	0.875	0.02	
22.955	4749	93	0.75	0.023	
Incomplete Features: 59
Solution Evaluation Time (s): 0.023
Model Counting Time (s): 0.001
Nodes Expanded: 13610
Total Time (s): 58.366

Plan found
switch_on instrument0 satellite0
turn_to satellite0 Phenomenon4 Phenomenon6
switch_off instrument0 satellite0
switch_on instrument0 satellite0
turn_to satellite0 Phenomenon6 Phenomenon4
switch_off instrument0 satellite0
turn_to satellite0 GroundStation1 Phenomenon6
turn_to satellite0 Phenomenon4 GroundStation1
turn_to satellite0 GroundStation2 Phenomenon4
turn_to satellite0 GroundStation1 GroundStation2
turn_to satellite0 Phenomenon4 GroundStation1
turn_to satellite0 Phenomenon6 Phenomenon4
switch_on instrument0 satellite0
turn_to satellite0 GroundStation2 Phenomenon6
calibrate satellite0 instrument0 GroundStation2
turn_to satellite0 Star0 GroundStation2
turn_to satellite0 Phenomenon4 Star0
take_image satellite0 Phenomenon4 instrument0 thermograph0
switch_off instrument0 satellite0
turn_to satellite0 GroundStation2 Phenomenon4
turn_to satellite0 Star0 GroundStation2
turn_to satellite0 Star5 Star0
turn_to satellite0 GroundStation1 Star5
turn_to satellite0 Star0 GroundStation1
turn_to satellite0 Phenomenon4 Star0
switch_on instrument0 satellite0
switch_off instrument0 satellite0
turn_to satellite0 GroundStation2 Phenomenon4
turn_to satellite0 Star0 GroundStation2
turn_to satellite0 Star5 Star0
turn_to satellite0 GroundStation1 Star5
switch_on instrument0 satellite0
turn_to satellite0 Star0 GroundStation1
turn_to satellite0 GroundStation2 Star0
calibrate satellite0 instrument0 GroundStation2
turn_to satellite0 Star0 GroundStation2
turn_to satellite0 Phenomenon4 Star0
turn_to satellite0 Phenomenon6 Phenomenon4
take_image satellite0 Phenomenon6 instrument0 thermograph0
turn_to satellite0 Star0 Phenomenon6
switch_off instrument0 satellite0
turn_to satellite0 Phenomenon4 Star0
switch_on instrument0 satellite0
switch_off instrument0 satellite0
turn_to satellite0 GroundStation2 Phenomenon4
turn_to satellite0 Star0 GroundStation2
turn_to satellite0 Star5 Star0
turn_to satellite0 GroundStation1 Star5
switch_on instrument0 satellite0
turn_to satellite0 Star0 GroundStation1
turn_to satellite0 GroundStation2 Star0
calibrate satellite0 instrument0 GroundStation2
turn_to satellite0 GroundStation1 GroundStation2
take_image satellite0 GroundStation1 instrument0 thermograph0
turn_to satellite0 Star0 GroundStation1
switch_off instrument0 satellite0
turn_to satellite0 Phenomenon4 Star0
switch_on instrument0 satellite0
switch_off instrument0 satellite0
turn_to satellite0 GroundStation2 Phenomenon4
turn_to satellite0 Star0 GroundStation2
turn_to satellite0 Star5 Star0
turn_to satellite0 GroundStation1 Star5
switch_on instrument0 satellite0
turn_to satellite0 Star0 GroundStation1
turn_to satellite0 GroundStation2 Star0
calibrate satellite0 instrument0 GroundStation2
take_image satellite0 GroundStation2 instrument0 thermograph0
turn_to satellite0 Star0 GroundStation2
switch_off instrument0 satellite0
turn_to satellite0 Phenomenon4 Star0
switch_on instrument0 satellite0
switch_off instrument0 satellite0
turn_to satellite0 GroundStation2 Phenomenon4
turn_to satellite0 Star0 GroundStation2
turn_to satellite0 Star5 Star0
turn_to satellite0 GroundStation1 Star5
switch_on instrument0 satellite0
turn_to satellite0 Star0 GroundStation1
turn_to satellite0 GroundStation2 Star0
turn_to satellite0 Phenomenon6 GroundStation2
turn_to satellite0 Phenomenon3 Phenomenon6
turn_to satellite0 GroundStation1 Phenomenon3
turn_to satellite0 Star0 GroundStation1
turn_to satellite0 GroundStation2 Star0
calibrate satellite0 instrument0 GroundStation2
turn_to satellite0 Star0 GroundStation2
turn_to satellite0 Phenomenon4 Star0
turn_to satellite0 Phenomenon6 Phenomenon4
turn_to satellite0 Phenomenon3 Phenomenon6
turn_to satellite0 GroundStation1 Phenomenon3
turn_to satellite0 Star5 GroundStation1
take_image satellite0 Star5 instrument0 thermograph0
