time	nodes	len	fail pr	eval time	
0.176	11	5	0.96875	0.003	
2.046	521	53	0.9375	0.014	
2.287	652	12	0.875	0.015	
2.57	851	33	0.75	0.017	
Incomplete Features: 24
Solution Evaluation Time (s): 0.017
Model Counting Time (s): 0.0
Nodes Expanded: 884
Total Time (s): 2.621

Plan found
turn_to satellite0 Phenomenon4 Phenomenon6
switch_on instrument0 satellite0
turn_to satellite0 GroundStation2 Phenomenon4
calibrate satellite0 instrument0 GroundStation2
take_image satellite0 GroundStation2 instrument0 thermograph0
turn_to satellite0 Star5 GroundStation2
turn_to satellite0 Phenomenon6 Star5
take_image satellite0 Phenomenon6 instrument0 thermograph0
turn_to satellite0 Star5 Phenomenon6
turn_to satellite0 Phenomenon4 Star5
turn_to satellite0 GroundStation2 Phenomenon4
turn_to satellite0 GroundStation1 GroundStation2
turn_to satellite0 Star0 GroundStation1
turn_to satellite0 Phenomenon3 Star0
take_image satellite0 Phenomenon3 instrument0 thermograph0
turn_to satellite0 Phenomenon6 Phenomenon3
turn_to satellite0 Star5 Phenomenon6
turn_to satellite0 Phenomenon4 Star5
turn_to satellite0 GroundStation2 Phenomenon4
turn_to satellite0 Star0 GroundStation2
take_image satellite0 Star0 instrument0 thermograph0
turn_to satellite0 GroundStation1 Star0
turn_to satellite0 Phenomenon3 GroundStation1
turn_to satellite0 Phenomenon6 Phenomenon3
turn_to satellite0 Star5 Phenomenon6
take_image satellite0 Star5 instrument0 thermograph0
turn_to satellite0 Phenomenon6 Star5
turn_to satellite0 GroundStation2 Phenomenon6
turn_to satellite0 GroundStation1 GroundStation2
turn_to satellite0 Star0 GroundStation1
turn_to satellite0 Phenomenon3 Star0
turn_to satellite0 Phenomenon4 Phenomenon3
take_image satellite0 Phenomenon4 instrument0 thermograph0
