time	nodes	len	fail pr	eval time	
0.198	21	9	0.96875	0.004	
0.361	47	8	0.9375	0.005	
0.487	68	9	0.875	0.006	
3.547	671	10	0.75	0.007	
12.844	3700	46	0.5	0.01	
Incomplete Features: 88
Solution Evaluation Time (s): 0.01
Model Counting Time (s): 0.0
Nodes Expanded: 4669
Total Time (s): 16.848

Plan found
switch_on instrument0 satellite0
turn_to satellite0 Star0 Phenomenon6
turn_to satellite0 GroundStation2 Star0
calibrate satellite0 instrument0 GroundStation2
turn_to satellite0 GroundStation1 GroundStation2
turn_to satellite0 Star5 GroundStation1
take_image satellite0 Star5 instrument0 thermograph0
turn_to satellite0 GroundStation1 Star5
turn_to satellite0 Star0 GroundStation1
turn_to satellite0 Phenomenon4 Star0
take_image satellite0 Phenomenon4 instrument0 thermograph0
switch_off instrument0 satellite0
turn_to satellite0 GroundStation2 Phenomenon4
turn_to satellite0 Star0 GroundStation2
turn_to satellite0 Star5 Star0
turn_to satellite0 GroundStation1 Star5
switch_on instrument0 satellite0
turn_to satellite0 Star0 GroundStation1
switch_off instrument0 satellite0
turn_to satellite0 Phenomenon4 Star0
switch_on instrument0 satellite0
turn_to satellite0 GroundStation2 Phenomenon4
calibrate satellite0 instrument0 GroundStation2
turn_to satellite0 Star0 GroundStation2
turn_to satellite0 Star5 Star0
turn_to satellite0 GroundStation1 Star5
turn_to satellite0 Phenomenon3 GroundStation1
turn_to satellite0 GroundStation1 Phenomenon3
turn_to satellite0 Star0 GroundStation1
switch_off instrument0 satellite0
turn_to satellite0 Phenomenon4 Star0
switch_on instrument0 satellite0
switch_off instrument0 satellite0
turn_to satellite0 GroundStation2 Phenomenon4
turn_to satellite0 Star0 GroundStation2
turn_to satellite0 Star5 Star0
turn_to satellite0 GroundStation1 Star5
switch_on instrument0 satellite0
turn_to satellite0 Star0 GroundStation1
turn_to satellite0 GroundStation2 Star0
calibrate satellite0 instrument0 GroundStation2
take_image satellite0 GroundStation2 instrument0 thermograph0
turn_to satellite0 Star0 GroundStation2
turn_to satellite0 Phenomenon4 Star0
turn_to satellite0 Phenomenon6 Phenomenon4
take_image satellite0 Phenomenon6 instrument0 thermograph0
