time	nodes	len	fail pr	eval time	
0.19	13	6	0.9375	0.003	
5.848	1167	12	0.875	0.004	
5.906	1196	11	0.75	0.005	
5.997	1277	17	0.5	0.006	
6.247	1324	25	0	0.007	
Incomplete Features: 87
Solution Evaluation Time (s): 0.007
Model Counting Time (s): 0.0
Nodes Expanded: 1325
Total Time (s): 6.255

Plan found
switch_on instrument0 satellite0
turn_to satellite0 Star0 Phenomenon6
turn_to satellite0 Phenomenon4 Star0
turn_to satellite0 GroundStation2 Phenomenon4
calibrate satellite0 instrument0 GroundStation2
turn_to satellite0 GroundStation1 GroundStation2
turn_to satellite0 Star5 GroundStation1
take_image satellite0 Star5 instrument0 thermograph0
turn_to satellite0 GroundStation1 Star5
turn_to satellite0 Star0 GroundStation1
turn_to satellite0 GroundStation2 Star0
take_image satellite0 GroundStation2 instrument0 thermograph0
turn_to satellite0 Star0 GroundStation2
turn_to satellite0 Phenomenon4 Star0
take_image satellite0 Phenomenon4 instrument0 thermograph0
turn_to satellite0 GroundStation2 Phenomenon4
turn_to satellite0 Star0 GroundStation2
turn_to satellite0 Star5 Star0
turn_to satellite0 GroundStation1 Star5
turn_to satellite0 Phenomenon3 GroundStation1
turn_to satellite0 GroundStation1 Phenomenon3
turn_to satellite0 Star0 GroundStation1
turn_to satellite0 GroundStation2 Star0
turn_to satellite0 Phenomenon6 GroundStation2
take_image satellite0 Phenomenon6 instrument0 thermograph0
