time	nodes	len	fail pr	eval time	
0.19	15	6	0.9921875	0.003	
2.352	829	65	0.9957275390625	0.008	
5.98	3430	62	0.99359130859375	0.011	
12.89	21373	53	0.98736572265625	0.013	
Incomplete Features: 19
Solution Evaluation Time (s): 0.013
Model Counting Time (s): 0.0
Nodes Expanded: 27212
Total Time (s): 15.129

Plan found
switch_on instrument0 satellite0
turn_to satellite0 Star5 Phenomenon6
turn_to satellite0 GroundStation2 Star5
calibrate satellite0 instrument0 GroundStation2
turn_to satellite0 Phenomenon6 GroundStation2
turn_to satellite0 Star5 Phenomenon6
turn_to satellite0 Phenomenon4 Star5
take_image satellite0 Phenomenon4 instrument0 thermograph0
turn_to satellite0 Phenomenon6 Phenomenon4
turn_to satellite0 GroundStation2 Phenomenon6
turn_to satellite0 GroundStation1 GroundStation2
take_image satellite0 GroundStation1 instrument0 thermograph0
turn_to satellite0 Star5 GroundStation1
turn_to satellite0 Phenomenon4 Star5
turn_to satellite0 GroundStation2 Phenomenon4
switch_off instrument0 satellite0
turn_to satellite0 GroundStation1 GroundStation2
turn_to satellite0 Star5 GroundStation1
turn_to satellite0 Phenomenon4 Star5
switch_on instrument0 satellite0
turn_to satellite0 Phenomenon6 Phenomenon4
turn_to satellite0 GroundStation2 Phenomenon6
turn_to satellite0 GroundStation1 GroundStation2
turn_to satellite0 Phenomenon3 GroundStation1
take_image satellite0 Phenomenon3 instrument0 thermograph0
turn_to satellite0 Star5 Phenomenon3
turn_to satellite0 Phenomenon6 Star5
turn_to satellite0 GroundStation2 Phenomenon6
turn_to satellite0 GroundStation1 GroundStation2
turn_to satellite0 Star0 GroundStation1
take_image satellite0 Star0 instrument0 thermograph0
turn_to satellite0 Star5 Star0
turn_to satellite0 Phenomenon4 Star5
turn_to satellite0 GroundStation2 Phenomenon4
calibrate satellite0 instrument0 GroundStation2
turn_to satellite0 Phenomenon6 GroundStation2
take_image satellite0 Phenomenon6 instrument0 thermograph0
turn_to satellite0 Star5 Phenomenon6
turn_to satellite0 Phenomenon3 Star5
turn_to satellite0 GroundStation1 Phenomenon3
turn_to satellite0 GroundStation2 GroundStation1
switch_off instrument0 satellite0
turn_to satellite0 Star5 GroundStation2
turn_to satellite0 Phenomenon4 Star5
turn_to satellite0 Star0 Phenomenon4
turn_to satellite0 Phenomenon3 Star0
switch_on instrument0 satellite0
turn_to satellite0 Star5 Phenomenon3
turn_to satellite0 Phenomenon6 Star5
turn_to satellite0 GroundStation2 Phenomenon6
take_image satellite0 GroundStation2 instrument0 thermograph0
turn_to satellite0 Star5 GroundStation2
take_image satellite0 Star5 instrument0 thermograph0
