time	nodes	len	fail pr	eval time	
0.176	17	8	0.982421875	0.003	
0.325	47	8	0.9375	0.004	
2.408	468	12	0.875	0.005	
3.589	1089	10	0.75	0.006	
13.111	3958	17	0.5	0.008	
Incomplete Features: 60
Solution Evaluation Time (s): 0.008
Model Counting Time (s): 0.003
Nodes Expanded: 4897
Total Time (s): 19.926

Plan found
turn_to satellite0 Star5 Phenomenon6
turn_to satellite0 Phenomenon4 Star5
turn_to satellite0 GroundStation2 Phenomenon4
switch_on instrument0 satellite0
calibrate satellite0 instrument0 GroundStation2
turn_to satellite0 Star0 GroundStation2
turn_to satellite0 Phenomenon4 Star0
take_image satellite0 Phenomenon4 instrument0 thermograph0
turn_to satellite0 GroundStation2 Phenomenon4
turn_to satellite0 Star0 GroundStation2
turn_to satellite0 Star5 Star0
take_image satellite0 Star5 instrument0 thermograph0
turn_to satellite0 GroundStation1 Star5
turn_to satellite0 Star0 GroundStation1
turn_to satellite0 Phenomenon4 Star0
turn_to satellite0 Phenomenon6 Phenomenon4
take_image satellite0 Phenomenon6 instrument0 thermograph0
