time	nodes	len	fail pr	eval time	
0.541	91	20	0.5	0.004	
Incomplete Features: 9
Solution Evaluation Time (s): 0.004
Model Counting Time (s): 0.001
Nodes Expanded: 1291
Total Time (s): 7.115

Plan found
turn_to satellite0 Phenomenon8 Star6
turn_to satellite1 Star7 Star0
switch_on instrument1 satellite1
turn_to satellite1 Star2 Star7
calibrate satellite1 instrument1 Star2
turn_to satellite1 Planet3 Star2
turn_to satellite1 Star6 Planet3
take_image satellite1 Star6 instrument1 infrared1
turn_to satellite1 Star4 Star6
take_image satellite1 Star4 instrument1 infrared1
turn_to satellite1 Phenomenon9 Star4
take_image satellite1 Phenomenon9 instrument1 infrared0
turn_to satellite1 Phenomenon8 Phenomenon9
take_image satellite1 Phenomenon8 instrument1 thermograph2
turn_to satellite1 Planet3 Phenomenon8
take_image satellite1 Planet3 instrument1 infrared1
turn_to satellite1 Star7 Planet3
take_image satellite1 Star7 instrument1 infrared0
turn_to satellite1 Planet5 Star7
take_image satellite1 Planet5 instrument1 thermograph2
