time	nodes	len	fail pr	eval time	
0.197	17	7	0.984375	0.004	
5.548	3615	12	0.9765625	0.005	
6.557	5040	11	0.9609375	0.007	
Incomplete Features: 85
Solution Evaluation Time (s): 0.007
Model Counting Time (s): 0.001
Nodes Expanded: 13859
Total Time (s): 11.945

Plan found
switch_on instrument0 satellite0
turn_to satellite0 GroundStation2 Phenomenon6
calibrate satellite0 instrument0 GroundStation2
turn_to satellite0 Phenomenon4 GroundStation2
take_image satellite0 Phenomenon4 instrument0 thermograph0
turn_to satellite0 Phenomenon6 Phenomenon4
switch_off instrument0 satellite0
switch_on instrument0 satellite0
take_image satellite0 Phenomenon6 instrument0 thermograph0
turn_to satellite0 Star5 Phenomenon6
take_image satellite0 Star5 instrument0 thermograph0
