time	nodes	len	fail pr	eval time	
0.194	15	7	0.96875	0.004	
8.799	1119	139	0.953125	0.011	
13.33	1250	43	0.90625	0.014	
310.187	22217	38	0.75	0.016	
Incomplete Features: 59
Solution Evaluation Time (s): 0.016
Model Counting Time (s): 0.0
Nodes Expanded: 36800
Total Time (s): 396.524

Plan found
turn_to satellite0 Star5 Phenomenon6
switch_on instrument0 satellite0
turn_to satellite0 GroundStation1 Star5
turn_to satellite0 Star0 GroundStation1
turn_to satellite0 GroundStation2 Star0
turn_to satellite0 Star0 GroundStation2
turn_to satellite0 Phenomenon4 Star0
turn_to satellite0 GroundStation2 Phenomenon4
turn_to satellite0 Star0 GroundStation2
turn_to satellite0 Star5 Star0
turn_to satellite0 GroundStation1 Star5
turn_to satellite0 Phenomenon3 GroundStation1
turn_to satellite0 GroundStation1 Phenomenon3
turn_to satellite0 Star0 GroundStation1
turn_to satellite0 GroundStation2 Star0
calibrate satellite0 instrument0 GroundStation2
turn_to satellite0 Star0 GroundStation2
turn_to satellite0 Phenomenon4 Star0
take_image satellite0 Phenomenon4 instrument0 thermograph0
turn_to satellite0 GroundStation2 Phenomenon4
turn_to satellite0 Star0 GroundStation2
turn_to satellite0 Star5 Star0
turn_to satellite0 GroundStation1 Star5
take_image satellite0 GroundStation1 instrument0 thermograph0
turn_to satellite0 Star0 GroundStation1
turn_to satellite0 Phenomenon4 Star0
turn_to satellite0 Phenomenon6 Phenomenon4
turn_to satellite0 Phenomenon3 Phenomenon6
take_image satellite0 Phenomenon3 instrument0 thermograph0
turn_to satellite0 GroundStation1 Phenomenon3
turn_to satellite0 Star0 GroundStation1
turn_to satellite0 Phenomenon4 Star0
turn_to satellite0 Phenomenon6 Phenomenon4
take_image satellite0 Phenomenon6 instrument0 thermograph0
turn_to satellite0 Star0 Phenomenon6
turn_to satellite0 Phenomenon4 Star0
turn_to satellite0 Star5 Phenomenon4
take_image satellite0 Star5 instrument0 thermograph0
