time	nodes	len	fail pr	eval time	
0.19	13	6	0.984375	0.004	
3.919	609	7	0.96875	0.005	
4.825	950	6	0.9375	0.006	
5.454	1065	37	0.93359375	0.009	
38.6	3648	35	0.8671875	0.012	
70.559	6807	27	0.734375	0.014	
Incomplete Features: 110
Solution Evaluation Time (s): 0.014
Model Counting Time (s): 0.0
Nodes Expanded: 7774
Total Time (s): 77.512

Plan found
turn_to satellite0 Star5 Phenomenon6
turn_to satellite0 Phenomenon4 Star5
turn_to satellite0 GroundStation2 Phenomenon4
switch_on instrument0 satellite0
turn_to satellite0 Star0 GroundStation2
turn_to satellite0 Phenomenon4 Star0
turn_to satellite0 Phenomenon6 Phenomenon4
turn_to satellite0 Phenomenon3 Phenomenon6
turn_to satellite0 GroundStation1 Phenomenon3
turn_to satellite0 Star0 GroundStation1
turn_to satellite0 GroundStation2 Star0
calibrate satellite0 instrument0 GroundStation2
turn_to satellite0 Star0 GroundStation2
turn_to satellite0 Phenomenon4 Star0
take_image satellite0 Phenomenon4 instrument0 thermograph0
turn_to satellite0 GroundStation2 Phenomenon4
turn_to satellite0 Star0 GroundStation2
turn_to satellite0 Star5 Star0
take_image satellite0 Star5 instrument0 thermograph0
turn_to satellite0 GroundStation1 Star5
turn_to satellite0 Star0 GroundStation1
turn_to satellite0 GroundStation2 Star0
take_image satellite0 GroundStation2 instrument0 thermograph0
turn_to satellite0 Star0 GroundStation2
turn_to satellite0 Phenomenon4 Star0
turn_to satellite0 Phenomenon6 Phenomenon4
take_image satellite0 Phenomenon6 instrument0 thermograph0
