time	nodes	len	fail pr	eval time	
0.523	77	19	0.5	0.004	
Incomplete Features: 18
Solution Evaluation Time (s): 0.004
Model Counting Time (s): 0.0
Nodes Expanded: 1277
Total Time (s): 5.101

Plan found
turn_to satellite0 Star0 Star6
switch_on instrument1 satellite1
turn_to satellite1 Star7 Star0
turn_to satellite1 Star2 Star7
calibrate satellite1 instrument1 Star2
turn_to satellite1 Planet3 Star2
take_image satellite1 Planet3 instrument1 infrared1
turn_to satellite1 Star7 Planet3
take_image satellite1 Star7 instrument1 infrared0
turn_to satellite1 Phenomenon9 Star7
take_image satellite1 Phenomenon9 instrument1 infrared0
turn_to satellite1 Phenomenon8 Phenomenon9
take_image satellite1 Phenomenon8 instrument1 thermograph2
turn_to satellite1 Star4 Phenomenon8
take_image satellite1 Star4 instrument1 infrared1
turn_to satellite1 Star6 Star4
take_image satellite1 Star6 instrument1 infrared1
turn_to satellite1 Planet5 Star6
take_image satellite1 Planet5 instrument1 thermograph2
