time	nodes	len	fail pr	eval time	
0.18	15	7	0.9375	0.004	
3.2	553	11	0.875	0.005	
4.655	1042	11	0.8125	0.006	
85.491	10867	23	0.734375	0.007	
Incomplete Features: 60
Solution Evaluation Time (s): 0.007
Model Counting Time (s): 0.0
Nodes Expanded: 13440
Total Time (s): 106.054

Plan found
turn_to satellite0 Star5 Phenomenon6
turn_to satellite0 Phenomenon4 Star5
turn_to satellite0 GroundStation2 Phenomenon4
switch_on instrument0 satellite0
calibrate satellite0 instrument0 GroundStation2
turn_to satellite0 Star0 GroundStation2
switch_off instrument0 satellite0
turn_to satellite0 Phenomenon4 Star0
take_image satellite0 Phenomenon4 instrument0 thermograph0
turn_to satellite0 GroundStation2 Phenomenon4
turn_to satellite0 Star0 GroundStation2
take_image satellite0 Star0 instrument0 thermograph0
turn_to satellite0 Phenomenon4 Star0
turn_to satellite0 Phenomenon6 Phenomenon4
take_image satellite0 Phenomenon6 instrument0 thermograph0
turn_to satellite0 Phenomenon3 Phenomenon6
turn_to satellite0 GroundStation1 Phenomenon3
turn_to satellite0 Star0 GroundStation1
turn_to satellite0 Phenomenon4 Star0
turn_to satellite0 Phenomenon6 Phenomenon4
turn_to satellite0 Phenomenon3 Phenomenon6
turn_to satellite0 Star5 Phenomenon3
take_image satellite0 Star5 instrument0 thermograph0
