time	nodes	len	fail pr	eval time	
0.175	13	6	0.9375	0.003	
1.037	183	11	0.875	0.004	
2.525	418	10	0.75	0.013	
3.405	745	7	0.5	0.014	
3.547	792	21	0.25	0.015	
Incomplete Features: 53
Solution Evaluation Time (s): 0.015
Model Counting Time (s): 0.0
Nodes Expanded: 795
Total Time (s): 4.662

Plan found
switch_on instrument0 satellite0
turn_to satellite0 Star0 Phenomenon6
turn_to satellite0 Phenomenon4 Star0
turn_to satellite0 Phenomenon6 Phenomenon4
turn_to satellite0 Star5 Phenomenon6
turn_to satellite0 GroundStation1 Star5
turn_to satellite0 Star0 GroundStation1
turn_to satellite0 GroundStation2 Star0
turn_to satellite0 Star0 GroundStation2
calibrate satellite0 instrument0 GroundStation2
turn_to satellite0 Phenomenon4 Star0
take_image satellite0 Phenomenon4 instrument0 thermograph0
turn_to satellite0 GroundStation2 Phenomenon4
turn_to satellite0 Star0 GroundStation2
turn_to satellite0 Star5 Star0
take_image satellite0 Star5 instrument0 thermograph0
turn_to satellite0 GroundStation1 Star5
turn_to satellite0 Star0 GroundStation1
turn_to satellite0 Phenomenon4 Star0
turn_to satellite0 Phenomenon6 Phenomenon4
take_image satellite0 Phenomenon6 instrument0 thermograph0
