time	nodes	len	fail pr	eval time	
0.183	17	8	0.96875	0.003	
1.619	217	13	0.9375	0.004	
4.893	1430	11	0.875	0.005	
344.027	27373	19	0.75	0.006	
Incomplete Features: 54
Solution Evaluation Time (s): 0.006
Model Counting Time (s): 0.0
Nodes Expanded: 42262
Total Time (s): 517.786

Plan found
turn_to satellite0 GroundStation2 Phenomenon6
turn_to satellite0 GroundStation1 GroundStation2
switch_on instrument0 satellite0
turn_to satellite0 Phenomenon3 GroundStation1
turn_to satellite0 Phenomenon4 Phenomenon3
turn_to satellite0 GroundStation2 Phenomenon4
calibrate satellite0 instrument0 GroundStation2
turn_to satellite0 Star0 GroundStation2
turn_to satellite0 Phenomenon4 Star0
take_image satellite0 Phenomenon4 instrument0 thermograph0
turn_to satellite0 GroundStation2 Phenomenon4
turn_to satellite0 Star0 GroundStation2
turn_to satellite0 Star5 Star0
take_image satellite0 Star5 instrument0 thermograph0
turn_to satellite0 GroundStation1 Star5
turn_to satellite0 Star0 GroundStation1
turn_to satellite0 Phenomenon4 Star0
turn_to satellite0 Phenomenon6 Phenomenon4
take_image satellite0 Phenomenon6 instrument0 thermograph0
