time	nodes	len	fail pr	eval time	
0.18	19	8	0.9375	0.003	
0.601	147	20	0.875	0.004	
Incomplete Features: 5
Solution Evaluation Time (s): 0.004
Model Counting Time (s): 0.0
Nodes Expanded: 196
Total Time (s): 0.863

Plan found
turn_to satellite0 Star5 Phenomenon6
turn_to satellite0 Phenomenon4 Star5
turn_to satellite0 GroundStation2 Phenomenon4
turn_to satellite0 GroundStation1 GroundStation2
turn_to satellite0 Star0 GroundStation1
switch_on instrument0 satellite0
turn_to satellite0 Phenomenon3 Star0
turn_to satellite0 GroundStation2 Phenomenon3
calibrate satellite0 instrument0 GroundStation2
take_image satellite0 GroundStation2 instrument0 thermograph0
turn_to satellite0 Phenomenon6 GroundStation2
turn_to satellite0 Star5 Phenomenon6
turn_to satellite0 Phenomenon3 Star5
turn_to satellite0 Phenomenon4 Phenomenon3
take_image satellite0 Phenomenon4 instrument0 thermograph0
turn_to satellite0 GroundStation2 Phenomenon4
turn_to satellite0 Star5 GroundStation2
take_image satellite0 Star5 instrument0 thermograph0
turn_to satellite0 Phenomenon6 Star5
take_image satellite0 Phenomenon6 instrument0 thermograph0
