time	nodes	len	fail pr	eval time	
0.177	13	6	0.8125	0.004	
2.565	519	22	0.7890625	0.006	
2.964	572	25	0.7626953125	0.008	
Incomplete Features: 50
Solution Evaluation Time (s): 0.008
Model Counting Time (s): 0.001
Nodes Expanded: 575
Total Time (s): 4.253

Plan found
turn_to satellite0 GroundStation2 Phenomenon6
turn_to satellite0 GroundStation1 GroundStation2
switch_on instrument0 satellite0
turn_to satellite0 Phenomenon3 GroundStation1
turn_to satellite0 Phenomenon4 Phenomenon3
turn_to satellite0 GroundStation2 Phenomenon4
calibrate satellite0 instrument0 GroundStation2
take_image satellite0 Phenomenon4 instrument0 thermograph0
turn_to satellite0 Star0 GroundStation2
turn_to satellite0 GroundStation2 Star0
turn_to satellite0 GroundStation1 GroundStation2
take_image satellite0 GroundStation2 instrument0 thermograph0
take_image satellite0 Phenomenon6 instrument0 thermograph0
turn_to satellite0 Star0 GroundStation1
turn_to satellite0 Phenomenon4 Star0
take_image satellite0 GroundStation1 instrument0 thermograph0
turn_to satellite0 GroundStation2 Phenomenon4
turn_to satellite0 Star0 GroundStation2
turn_to satellite0 Star5 Star0
turn_to satellite0 GroundStation1 Star5
turn_to satellite0 Star0 GroundStation1
turn_to satellite0 Phenomenon4 Star0
turn_to satellite0 Phenomenon6 Phenomenon4
turn_to satellite0 Phenomenon3 Phenomenon6
take_image satellite0 Star5 instrument0 thermograph0
