time	nodes	len	fail pr	eval time	
0.182	11	5	0.9375	0.004	
3.531	1215	152	0.875	0.012	
4.486	1680	26	0.75	0.014	
4.94	1995	31	0.5	0.016	
Incomplete Features: 100
Solution Evaluation Time (s): 0.016
Model Counting Time (s): 0.001
Nodes Expanded: 2014
Total Time (s): 4.989

Plan found
switch_on instrument0 satellite0
turn_to satellite0 Star0 Phenomenon6
turn_to satellite0 Phenomenon4 Star0
turn_to satellite0 Phenomenon3 Phenomenon4
turn_to satellite0 GroundStation2 Phenomenon3
calibrate satellite0 instrument0 GroundStation2
turn_to satellite0 Phenomenon3 GroundStation2
take_image satellite0 Phenomenon3 instrument0 thermograph0
turn_to satellite0 GroundStation2 Phenomenon3
turn_to satellite0 Star0 GroundStation2
turn_to satellite0 Phenomenon6 Star0
take_image satellite0 Phenomenon6 instrument0 thermograph0
turn_to satellite0 Star0 Phenomenon6
turn_to satellite0 GroundStation2 Star0
turn_to satellite0 Phenomenon3 GroundStation2
turn_to satellite0 Phenomenon4 Phenomenon3
take_image satellite0 Phenomenon4 instrument0 thermograph0
turn_to satellite0 Phenomenon3 Phenomenon4
turn_to satellite0 GroundStation2 Phenomenon3
turn_to satellite0 Star0 GroundStation2
turn_to satellite0 Phenomenon6 Star0
turn_to satellite0 Star5 Phenomenon6
turn_to satellite0 GroundStation1 Star5
take_image satellite0 GroundStation1 instrument0 thermograph0
turn_to satellite0 Phenomenon6 GroundStation1
turn_to satellite0 Star0 Phenomenon6
turn_to satellite0 GroundStation2 Star0
turn_to satellite0 Phenomenon3 GroundStation2
turn_to satellite0 Phenomenon4 Phenomenon3
turn_to satellite0 Star5 Phenomenon4
take_image satellite0 Star5 instrument0 thermograph0
