time	nodes	len	fail pr	eval time	
0.191	17	7	0.99609375	0.003	
0.341	61	11	0.9921875	0.004	
0.757	194	14	0.984375	0.005	
10.245	16179	12	0.96875	0.006	
Incomplete Features: 25
Solution Evaluation Time (s): 0.006
Model Counting Time (s): 0.001
Nodes Expanded: 22310
Total Time (s): 12.824

Plan found
turn_to satellite0 Phenomenon3 Phenomenon6
switch_on instrument0 satellite0
turn_to satellite0 GroundStation1 Phenomenon3
turn_to satellite0 Star0 GroundStation1
turn_to satellite0 GroundStation2 Star0
calibrate satellite0 instrument0 GroundStation2
turn_to satellite0 Star5 GroundStation2
take_image satellite0 Star5 instrument0 thermograph0
turn_to satellite0 Phenomenon6 Star5
take_image satellite0 Phenomenon6 instrument0 thermograph0
turn_to satellite0 Phenomenon4 Phenomenon6
take_image satellite0 Phenomenon4 instrument0 thermograph0
