time	nodes	len	fail pr	eval time	
0.199	17	7	0.998046875	0.003	
16.528	22417	39	0.99609375	0.005	
21.624	31238	42	0.994140625	0.008	
27.039	40135	38	0.98828125	0.011	
29.438	44262	37	0.96875	0.013	
Incomplete Features: 38
Solution Evaluation Time (s): 0.013
Model Counting Time (s): 0.001
Nodes Expanded: 59361
Total Time (s): 38.385

Plan found
turn_to satellite0 Phenomenon4 Phenomenon6
turn_to satellite0 GroundStation2 Phenomenon4
turn_to satellite0 Star5 GroundStation2
switch_on instrument0 satellite0
turn_to satellite0 Phenomenon3 Star5
turn_to satellite0 GroundStation1 Phenomenon3
turn_to satellite0 GroundStation2 GroundStation1
calibrate satellite0 instrument0 GroundStation2
turn_to satellite0 Star5 GroundStation2
take_image satellite0 Star5 instrument0 thermograph0
turn_to satellite0 Phenomenon6 Star5
turn_to satellite0 Phenomenon4 Phenomenon6
take_image satellite0 Phenomenon4 instrument0 thermograph0
turn_to satellite0 Phenomenon6 Phenomenon4
turn_to satellite0 Star5 Phenomenon6
turn_to satellite0 Phenomenon3 Star5
turn_to satellite0 GroundStation1 Phenomenon3
turn_to satellite0 Star0 GroundStation1
take_image satellite0 Star0 instrument0 thermograph0
turn_to satellite0 Phenomenon6 Star0
turn_to satellite0 GroundStation2 Phenomenon6
turn_to satellite0 GroundStation1 GroundStation2
turn_to satellite0 Phenomenon3 GroundStation1
take_image satellite0 Phenomenon3 instrument0 thermograph0
turn_to satellite0 Phenomenon6 Phenomenon3
turn_to satellite0 Star5 Phenomenon6
turn_to satellite0 Phenomenon4 Star5
turn_to satellite0 GroundStation2 Phenomenon4
take_image satellite0 GroundStation2 instrument0 thermograph0
turn_to satellite0 Phenomenon6 GroundStation2
turn_to satellite0 Star5 Phenomenon6
turn_to satellite0 Phenomenon4 Star5
turn_to satellite0 GroundStation1 Phenomenon4
take_image satellite0 GroundStation1 instrument0 thermograph0
turn_to satellite0 Star0 GroundStation1
turn_to satellite0 Phenomenon6 Star0
take_image satellite0 Phenomenon6 instrument0 thermograph0
