time	nodes	len	fail pr	eval time	
0.197	17	8	0.9375	0.003	
1.895	389	11	0.875	0.004	
2.822	714	10	0.75	0.013	
170.55	10971	17	0.5	0.014	
Incomplete Features: 55
Solution Evaluation Time (s): 0.014
Model Counting Time (s): 0.0
Nodes Expanded: 13552
Total Time (s): 206.104

Plan found
turn_to satellite0 Star5 Phenomenon6
turn_to satellite0 Phenomenon4 Star5
turn_to satellite0 GroundStation2 Phenomenon4
switch_on instrument0 satellite0
calibrate satellite0 instrument0 GroundStation2
turn_to satellite0 Star0 GroundStation2
turn_to satellite0 Phenomenon4 Star0
take_image satellite0 Phenomenon4 instrument0 thermograph0
turn_to satellite0 GroundStation2 Phenomenon4
turn_to satellite0 Star0 GroundStation2
turn_to satellite0 Star5 Star0
take_image satellite0 Star5 instrument0 thermograph0
turn_to satellite0 GroundStation1 Star5
turn_to satellite0 Star0 GroundStation1
turn_to satellite0 Phenomenon4 Star0
turn_to satellite0 Phenomenon6 Phenomenon4
take_image satellite0 Phenomenon6 instrument0 thermograph0
