time	nodes	len	fail pr	eval time	
0.193	17	8	0.96875	0.003	
1.204	199	13	0.9375	0.004	
3.406	972	10	0.875	0.005	
82.602	6189	67	0.75	0.008	
Incomplete Features: 54
Solution Evaluation Time (s): 0.008
Model Counting Time (s): 0.001
Nodes Expanded: 23252
Total Time (s): 216.897

Plan found
turn_to satellite0 GroundStation2 Phenomenon6
switch_on instrument0 satellite0
turn_to satellite0 GroundStation1 GroundStation2
turn_to satellite0 Star5 GroundStation1
turn_to satellite0 Phenomenon4 Star5
turn_to satellite0 GroundStation2 Phenomenon4
calibrate satellite0 instrument0 GroundStation2
turn_to satellite0 Star0 GroundStation2
turn_to satellite0 GroundStation2 Star0
turn_to satellite0 GroundStation1 GroundStation2
take_image satellite0 GroundStation1 instrument0 thermograph0
turn_to satellite0 Star0 GroundStation1
switch_off instrument0 satellite0
turn_to satellite0 Phenomenon4 Star0
switch_on instrument0 satellite0
switch_off instrument0 satellite0
turn_to satellite0 GroundStation2 Phenomenon4
turn_to satellite0 Star0 GroundStation2
switch_on instrument0 satellite0
turn_to satellite0 GroundStation2 Star0
calibrate satellite0 instrument0 GroundStation2
take_image satellite0 GroundStation2 instrument0 thermograph0
turn_to satellite0 Star0 GroundStation2
switch_off instrument0 satellite0
turn_to satellite0 Phenomenon4 Star0
switch_on instrument0 satellite0
switch_off instrument0 satellite0
turn_to satellite0 GroundStation2 Phenomenon4
turn_to satellite0 Star0 GroundStation2
switch_on instrument0 satellite0
turn_to satellite0 GroundStation2 Star0
turn_to satellite0 GroundStation1 GroundStation2
switch_off instrument0 satellite0
turn_to satellite0 Phenomenon3 GroundStation1
turn_to satellite0 GroundStation1 Phenomenon3
turn_to satellite0 Star0 GroundStation1
turn_to satellite0 Phenomenon4 Star0
switch_on instrument0 satellite0
turn_to satellite0 GroundStation2 Phenomenon4
calibrate satellite0 instrument0 GroundStation2
turn_to satellite0 Star0 GroundStation2
turn_to satellite0 Phenomenon4 Star0
take_image satellite0 Phenomenon4 instrument0 thermograph0
switch_off instrument0 satellite0
switch_on instrument0 satellite0
switch_off instrument0 satellite0
turn_to satellite0 GroundStation2 Phenomenon4
turn_to satellite0 Star0 GroundStation2
switch_on instrument0 satellite0
turn_to satellite0 GroundStation2 Star0
calibrate satellite0 instrument0 GroundStation2
turn_to satellite0 Star0 GroundStation2
turn_to satellite0 Star5 Star0
take_image satellite0 Star5 instrument0 thermograph0
turn_to satellite0 GroundStation1 Star5
turn_to satellite0 Star0 GroundStation1
switch_off instrument0 satellite0
turn_to satellite0 Phenomenon4 Star0
switch_on instrument0 satellite0
switch_off instrument0 satellite0
turn_to satellite0 GroundStation2 Phenomenon4
turn_to satellite0 Star0 GroundStation2
switch_on instrument0 satellite0
turn_to satellite0 GroundStation2 Star0
calibrate satellite0 instrument0 GroundStation2
turn_to satellite0 Phenomenon6 GroundStation2
take_image satellite0 Phenomenon6 instrument0 thermograph0
