time	nodes	len	fail pr	eval time	
0.182	17	8	0.96875	0.004	
1.159	199	13	0.9375	0.005	
2.899	988	10	0.875	0.006	
170.958	10619	24	0.75	0.007	
Incomplete Features: 45
Solution Evaluation Time (s): 0.007
Model Counting Time (s): 0.0
Nodes Expanded: 26662
Total Time (s): 355.929

Plan found
turn_to satellite0 GroundStation2 Phenomenon6
turn_to satellite0 GroundStation1 GroundStation2
turn_to satellite0 Star5 GroundStation1
turn_to satellite0 Phenomenon4 Star5
turn_to satellite0 GroundStation2 Phenomenon4
switch_on instrument0 satellite0
calibrate satellite0 instrument0 GroundStation2
turn_to satellite0 Star0 GroundStation2
turn_to satellite0 GroundStation2 Star0
turn_to satellite0 GroundStation1 GroundStation2
turn_to satellite0 Phenomenon3 GroundStation1
turn_to satellite0 GroundStation1 Phenomenon3
turn_to satellite0 Star0 GroundStation1
turn_to satellite0 Phenomenon4 Star0
take_image satellite0 Phenomenon4 instrument0 thermograph0
turn_to satellite0 GroundStation2 Phenomenon4
turn_to satellite0 Star0 GroundStation2
turn_to satellite0 Star5 Star0
take_image satellite0 Star5 instrument0 thermograph0
turn_to satellite0 GroundStation1 Star5
turn_to satellite0 Star0 GroundStation1
turn_to satellite0 Phenomenon4 Star0
turn_to satellite0 Phenomenon6 Phenomenon4
take_image satellite0 Phenomenon6 instrument0 thermograph0
