time	nodes	len	fail pr	eval time	
0.175	17	8	0.96875	0.003	
0.329	47	8	0.875	0.004	
1.867	484	9	0.75	0.005	
2.232	693	9	0.5	0.006	
2.355	774	14	0	0.013	
Incomplete Features: 55
Solution Evaluation Time (s): 0.013
Model Counting Time (s): 0.0
Nodes Expanded: 775
Total Time (s): 2.369

Plan found
turn_to satellite0 Star5 Phenomenon6
turn_to satellite0 Phenomenon4 Star5
turn_to satellite0 GroundStation2 Phenomenon4
switch_on instrument0 satellite0
calibrate satellite0 instrument0 GroundStation2
turn_to satellite0 Star0 GroundStation2
turn_to satellite0 Phenomenon4 Star0
take_image satellite0 Phenomenon4 instrument0 thermograph0
turn_to satellite0 GroundStation2 Phenomenon4
turn_to satellite0 Star0 GroundStation2
turn_to satellite0 Star5 Star0
take_image satellite0 Star5 instrument0 thermograph0
turn_to satellite0 Phenomenon6 Star5
take_image satellite0 Phenomenon6 instrument0 thermograph0
