time	nodes	len	fail pr	eval time	
0.165	13	6	0.953125	0.003	
0.302	41	8	0.9296875	0.004	
262.175	15094	10	0.89453125	0.005	
Incomplete Features: 54
Solution Evaluation Time (s): 0.005
Model Counting Time (s): 0.001
Nodes Expanded: 29801
Total Time (s): 423.347

Plan found
turn_to satellite0 GroundStation2 Phenomenon6
turn_to satellite0 GroundStation1 GroundStation2
turn_to satellite0 Star5 GroundStation1
turn_to satellite0 Phenomenon4 Star5
turn_to satellite0 GroundStation2 Phenomenon4
switch_on instrument0 satellite0
calibrate satellite0 instrument0 GroundStation2
take_image satellite0 Phenomenon6 instrument0 thermograph0
take_image satellite0 Phenomenon4 instrument0 thermograph0
take_image satellite0 Star5 instrument0 thermograph0
