time	nodes	len	fail pr	eval time	
0.167	11	5	0.9375	0.003	
0.285	45	10	0.875	0.003	
0.595	134	11	0.75	0.004	
0.968	329	34	0.5	0.006	
Incomplete Features: 22
Solution Evaluation Time (s): 0.006
Model Counting Time (s): 0.0
Nodes Expanded: 340
Total Time (s): 1.057

Plan found
turn_to satellite0 Phenomenon3 Phenomenon6
switch_on instrument0 satellite0
turn_to satellite0 GroundStation2 Phenomenon3
calibrate satellite0 instrument0 GroundStation2
turn_to satellite0 Star5 GroundStation2
turn_to satellite0 Phenomenon6 Star5
take_image satellite0 Phenomenon6 instrument0 thermograph0
turn_to satellite0 Star5 Phenomenon6
turn_to satellite0 Phenomenon3 Star5
turn_to satellite0 GroundStation1 Phenomenon3
turn_to satellite0 GroundStation2 GroundStation1
take_image satellite0 GroundStation2 instrument0 thermograph0
turn_to satellite0 Star5 GroundStation2
turn_to satellite0 Phenomenon6 Star5
turn_to satellite0 Star0 Phenomenon6
turn_to satellite0 Phenomenon3 Star0
turn_to satellite0 Phenomenon4 Phenomenon3
take_image satellite0 Phenomenon4 instrument0 thermograph0
turn_to satellite0 GroundStation2 Phenomenon4
turn_to satellite0 Star5 GroundStation2
turn_to satellite0 Phenomenon6 Star5
turn_to satellite0 Star0 Phenomenon6
turn_to satellite0 Phenomenon3 Star0
take_image satellite0 Phenomenon3 instrument0 thermograph0
turn_to satellite0 Phenomenon6 Phenomenon3
turn_to satellite0 Star5 Phenomenon6
turn_to satellite0 Phenomenon4 Star5
turn_to satellite0 GroundStation2 Phenomenon4
turn_to satellite0 Star0 GroundStation2
take_image satellite0 Star0 instrument0 thermograph0
turn_to satellite0 Phenomenon3 Star0
turn_to satellite0 Phenomenon6 Phenomenon3
turn_to satellite0 Star5 Phenomenon6
take_image satellite0 Star5 instrument0 thermograph0
