time	nodes	len	fail pr	eval time	
0.177	17	8	0.75	0.003	
2.349	787	9	0.5	0.004	
2.415	846	18	0	0.005	
Incomplete Features: 45
Solution Evaluation Time (s): 0.005
Model Counting Time (s): 0.0
Nodes Expanded: 847
Total Time (s): 2.421

Plan found
turn_to satellite0 GroundStation2 Phenomenon6
turn_to satellite0 Star0 GroundStation2
turn_to satellite0 GroundStation2 Star0
switch_on instrument0 satellite0
calibrate satellite0 instrument0 GroundStation2
turn_to satellite0 GroundStation1 GroundStation2
turn_to satellite0 Star5 GroundStation1
take_image satellite0 Star5 instrument0 thermograph0
turn_to satellite0 GroundStation1 Star5
turn_to satellite0 Star0 GroundStation1
turn_to satellite0 Phenomenon4 Star0
take_image satellite0 Phenomenon4 instrument0 thermograph0
turn_to satellite0 GroundStation2 Phenomenon4
take_image satellite0 GroundStation2 instrument0 thermograph0
turn_to satellite0 Star0 GroundStation2
turn_to satellite0 Phenomenon4 Star0
turn_to satellite0 Phenomenon6 Phenomenon4
take_image satellite0 Phenomenon6 instrument0 thermograph0
