time	nodes	len	fail pr	eval time	
0.912	87	21	0	0.011	
Incomplete Features: 200
Solution Evaluation Time (s): 0.011
Model Counting Time (s): 0.0
Nodes Expanded: 87
Total Time (s): 1.019

Plan found
turn_to satellite1 Star7 GroundStation2
turn_to satellite1 GroundStation0 Star7
turn_to satellite0 GroundStation2 Phenomenon8
turn_to satellite1 Planet9 GroundStation0
switch_on instrument0 satellite0
calibrate satellite0 instrument0 GroundStation2
turn_to satellite1 GroundStation2 Planet9
turn_to satellite0 Phenomenon5 GroundStation2
take_image satellite0 Phenomenon5 instrument0 image2
turn_to satellite0 Star7 Phenomenon5
take_image satellite0 Star7 instrument0 thermograph0
turn_to satellite0 Planet9 Star7
take_image satellite0 Planet9 instrument0 spectrograph1
turn_to satellite0 Star3 Planet9
take_image satellite0 Star3 instrument0 thermograph0
turn_to satellite0 Phenomenon5 Star3
turn_to satellite0 Phenomenon6 Phenomenon5
take_image satellite0 Phenomenon6 instrument0 image2
turn_to satellite0 Phenomenon8 Phenomenon6
take_image satellite0 Phenomenon8 instrument0 image2
turn_to satellite0 Phenomenon5 Phenomenon8
