time	nodes	len	fail pr	eval time	
0.191	15	7	0.9375	0.003	
19.95	3429	44	0.875	0.006	
49.862	6552	46	0.75	0.009	
Incomplete Features: 69
Solution Evaluation Time (s): 0.009
Model Counting Time (s): 0.001
Nodes Expanded: 15371
Total Time (s): 95.645

Plan found
switch_on instrument0 satellite0
turn_to satellite0 Phenomenon4 Phenomenon6
turn_to satellite0 Phenomenon6 Phenomenon4
turn_to satellite0 Star5 Phenomenon6
turn_to satellite0 GroundStation1 Star5
turn_to satellite0 Star0 GroundStation1
turn_to satellite0 GroundStation2 Star0
turn_to satellite0 Star0 GroundStation2
turn_to satellite0 Phenomenon4 Star0
turn_to satellite0 Phenomenon6 Phenomenon4
turn_to satellite0 Phenomenon3 Phenomenon6
turn_to satellite0 GroundStation1 Phenomenon3
turn_to satellite0 Star0 GroundStation1
turn_to satellite0 GroundStation2 Star0
calibrate satellite0 instrument0 GroundStation2
turn_to satellite0 Star0 GroundStation2
turn_to satellite0 Phenomenon4 Star0
take_image satellite0 Phenomenon4 instrument0 thermograph0
turn_to satellite0 GroundStation2 Phenomenon4
turn_to satellite0 Star0 GroundStation2
turn_to satellite0 Star5 Star0
turn_to satellite0 GroundStation1 Star5
turn_to satellite0 Phenomenon3 GroundStation1
take_image satellite0 Phenomenon3 instrument0 thermograph0
turn_to satellite0 GroundStation1 Phenomenon3
turn_to satellite0 Star0 GroundStation1
turn_to satellite0 Phenomenon4 Star0
turn_to satellite0 Phenomenon6 Phenomenon4
take_image satellite0 Phenomenon6 instrument0 thermograph0
turn_to satellite0 Phenomenon3 Phenomenon6
turn_to satellite0 GroundStation1 Phenomenon3
turn_to satellite0 Phenomenon4 GroundStation1
turn_to satellite0 GroundStation2 Phenomenon4
take_image satellite0 GroundStation2 instrument0 thermograph0
turn_to satellite0 Star0 GroundStation2
turn_to satellite0 Phenomenon4 Star0
turn_to satellite0 Phenomenon6 Phenomenon4
turn_to satellite0 Phenomenon3 Phenomenon6
turn_to satellite0 GroundStation1 Phenomenon3
take_image satellite0 GroundStation1 instrument0 thermograph0
turn_to satellite0 Star0 GroundStation1
turn_to satellite0 Phenomenon4 Star0
turn_to satellite0 Phenomenon6 Phenomenon4
turn_to satellite0 Phenomenon3 Phenomenon6
turn_to satellite0 Star5 Phenomenon3
take_image satellite0 Star5 instrument0 thermograph0
