time	nodes	len	fail pr	eval time	
0.182	15	6	0.9921875	0.003	
6.182	5911	49	0.984375	0.013	
6.442	6418	31	0.96875	0.015	
7.987	10363	31	0.9375	0.017	
Incomplete Features: 17
Solution Evaluation Time (s): 0.017
Model Counting Time (s): 0.0
Nodes Expanded: 21854
Total Time (s): 12.443

Plan found
switch_on instrument0 satellite0
turn_to satellite0 Star5 Phenomenon6
turn_to satellite0 GroundStation2 Star5
calibrate satellite0 instrument0 GroundStation2
turn_to satellite0 GroundStation1 GroundStation2
turn_to satellite0 Star5 GroundStation1
turn_to satellite0 Phenomenon4 Star5
take_image satellite0 Phenomenon4 instrument0 thermograph0
turn_to satellite0 Phenomenon6 Phenomenon4
turn_to satellite0 Star0 Phenomenon6
turn_to satellite0 GroundStation1 Star0
take_image satellite0 GroundStation1 instrument0 thermograph0
turn_to satellite0 Star5 GroundStation1
turn_to satellite0 Phenomenon6 Star5
turn_to satellite0 GroundStation2 Phenomenon6
turn_to satellite0 Star0 GroundStation2
take_image satellite0 Star0 instrument0 thermograph0
turn_to satellite0 Star5 Star0
turn_to satellite0 Phenomenon4 Star5
turn_to satellite0 GroundStation2 Phenomenon4
turn_to satellite0 GroundStation1 GroundStation2
turn_to satellite0 Phenomenon3 GroundStation1
take_image satellite0 Phenomenon3 instrument0 thermograph0
turn_to satellite0 Star5 Phenomenon3
turn_to satellite0 Phenomenon6 Star5
turn_to satellite0 GroundStation2 Phenomenon6
take_image satellite0 GroundStation2 instrument0 thermograph0
turn_to satellite0 Phenomenon6 GroundStation2
take_image satellite0 Phenomenon6 instrument0 thermograph0
turn_to satellite0 Star5 Phenomenon6
take_image satellite0 Star5 instrument0 thermograph0
