time	nodes	len	fail pr	eval time	
0.193	17	7	0.875	0.003	
1.955	359	32	0.75	0.005	
2.838	568	28	0.5	0.007	
3.23	815	30	0	0.008	
Incomplete Features: 42
Solution Evaluation Time (s): 0.008
Model Counting Time (s): 0.0
Nodes Expanded: 816
Total Time (s): 3.24

Plan found
turn_to satellite0 Star5 Phenomenon6
switch_on instrument0 satellite0
turn_to satellite0 Phenomenon6 Star5
turn_to satellite0 GroundStation2 Phenomenon6
calibrate satellite0 instrument0 GroundStation2
turn_to satellite0 Phenomenon4 GroundStation2
take_image satellite0 Phenomenon4 instrument0 thermograph0
turn_to satellite0 Phenomenon6 Phenomenon4
turn_to satellite0 GroundStation2 Phenomenon6
take_image satellite0 GroundStation2 instrument0 thermograph0
turn_to satellite0 Star5 GroundStation2
turn_to satellite0 Phenomenon4 Star5
turn_to satellite0 Star0 Phenomenon4
take_image satellite0 Star0 instrument0 thermograph0
turn_to satellite0 Phenomenon6 Star0
turn_to satellite0 GroundStation2 Phenomenon6
turn_to satellite0 GroundStation1 GroundStation2
turn_to satellite0 Phenomenon3 GroundStation1
take_image satellite0 Phenomenon3 instrument0 thermograph0
turn_to satellite0 GroundStation1 Phenomenon3
turn_to satellite0 GroundStation2 GroundStation1
turn_to satellite0 Star5 GroundStation2
take_image satellite0 Star5 instrument0 thermograph0
turn_to satellite0 Phenomenon4 Star5
turn_to satellite0 GroundStation2 Phenomenon4
turn_to satellite0 GroundStation1 GroundStation2
take_image satellite0 GroundStation1 instrument0 thermograph0
turn_to satellite0 Star0 GroundStation1
turn_to satellite0 Phenomenon6 Star0
take_image satellite0 Phenomenon6 instrument0 thermograph0
