time	nodes	len	fail pr	eval time	
0.171	13	6	0.99609375	0.003	
0.281	35	6	0.9921875	0.005	
3.886	592	8	0.984375	0.006	
4.956	949	8	0.96875	0.007	
5.735	1236	7	0.9375	0.008	
142.036	15465	33	0.992004871368408203125	0.016	
Incomplete Features: 95
Solution Evaluation Time (s): 0.016
Model Counting Time (s): 0.003
Nodes Expanded: 31510
Total Time (s): 350.143

Plan found
turn_to satellite0 Star5 Phenomenon6
turn_to satellite0 Star0 Phenomenon6
switch_on instrument0 satellite0
turn_to satellite0 Phenomenon6 Star0
turn_to satellite0 Star0 Phenomenon6
turn_to satellite0 Star5 Star0
turn_to satellite0 Star0 Star5
turn_to satellite0 Phenomenon6 Star0
turn_to satellite0 Star5 Phenomenon6
turn_to satellite0 Star0 Phenomenon6
turn_to satellite0 GroundStation2 Star0
calibrate satellite0 instrument0 GroundStation2
take_image satellite0 Star5 instrument0 thermograph0
turn_to satellite0 Phenomenon6 Star5
take_image satellite0 Phenomenon6 instrument0 thermograph0
turn_to satellite0 Star0 Phenomenon6
turn_to satellite0 Star5 Star0
turn_to satellite0 GroundStation2 Star5
take_image satellite0 GroundStation2 instrument0 thermograph0
turn_to satellite0 Phenomenon6 GroundStation2
turn_to satellite0 Star0 Phenomenon6
take_image satellite0 Star0 instrument0 thermograph0
turn_to satellite0 GroundStation2 Star0
turn_to satellite0 Phenomenon6 GroundStation2
turn_to satellite0 Star5 Phenomenon6
turn_to satellite0 Star0 Phenomenon6
turn_to satellite0 Phenomenon4 Star0
turn_to satellite0 Phenomenon6 Star5
turn_to satellite0 Star0 Phenomenon6
turn_to satellite0 GroundStation2 Star0
turn_to satellite0 Star5 GroundStation2
turn_to satellite0 Phenomenon4 Star5
take_image satellite0 Phenomenon4 instrument0 thermograph0
