time	nodes	len	fail pr	eval time	
0.184	13	6	0.90625	0.003	
0.32	41	8	0.859375	0.004	
23.611	4066	17	0.841796875	0.013	
Incomplete Features: 55
Solution Evaluation Time (s): 0.013
Model Counting Time (s): 0.001
Nodes Expanded: 5005
Total Time (s): 27.269

Plan found
turn_to satellite0 GroundStation2 Phenomenon6
turn_to satellite0 GroundStation1 GroundStation2
switch_on instrument0 satellite0
turn_to satellite0 Phenomenon3 GroundStation1
turn_to satellite0 Phenomenon4 Phenomenon3
turn_to satellite0 GroundStation2 Phenomenon4
calibrate satellite0 instrument0 GroundStation2
take_image satellite0 Phenomenon6 instrument0 thermograph0
turn_to satellite0 Star0 GroundStation2
take_image satellite0 Phenomenon4 instrument0 thermograph0
take_image satellite0 Phenomenon3 instrument0 thermograph0
turn_to satellite0 Phenomenon4 Star0
take_image satellite0 GroundStation1 instrument0 thermograph0
turn_to satellite0 GroundStation2 Phenomenon4
turn_to satellite0 Star0 GroundStation2
turn_to satellite0 Star5 Star0
take_image satellite0 Star5 instrument0 thermograph0
