time	nodes	len	fail pr	eval time	
0.188	17	7	0.9375	0.003	
2.052	763	35	0.90576171875	0.005	
2.28	892	33	0.873046875	0.007	
2.545	1065	32	0.748046875	0.008	
Incomplete Features: 23
Solution Evaluation Time (s): 0.008
Model Counting Time (s): 0.001
Nodes Expanded: 1074
Total Time (s): 2.569

Plan found
turn_to satellite0 Phenomenon3 Phenomenon6
switch_on instrument0 satellite0
turn_to satellite0 GroundStation1 Phenomenon3
turn_to satellite0 Star0 GroundStation1
turn_to satellite0 GroundStation2 Star0
calibrate satellite0 instrument0 GroundStation2
turn_to satellite0 Phenomenon6 GroundStation2
turn_to satellite0 Phenomenon4 Phenomenon6
turn_to satellite0 Star0 Phenomenon4
take_image satellite0 Star0 instrument0 thermograph0
turn_to satellite0 Phenomenon6 Star0
turn_to satellite0 Phenomenon4 Phenomenon6
turn_to satellite0 GroundStation2 Phenomenon4
take_image satellite0 GroundStation2 instrument0 thermograph0
turn_to satellite0 Star5 GroundStation2
turn_to satellite0 Phenomenon3 Star5
turn_to satellite0 GroundStation1 Phenomenon3
take_image satellite0 GroundStation1 instrument0 thermograph0
turn_to satellite0 Phenomenon4 GroundStation1
turn_to satellite0 Phenomenon6 Phenomenon4
turn_to satellite0 Star5 Phenomenon6
turn_to satellite0 Phenomenon3 Star5
take_image satellite0 Phenomenon3 instrument0 thermograph0
turn_to satellite0 Star5 Phenomenon3
turn_to satellite0 Phenomenon6 Star5
turn_to satellite0 Phenomenon4 Phenomenon6
take_image satellite0 Phenomenon4 instrument0 thermograph0
turn_to satellite0 Phenomenon6 Phenomenon4
turn_to satellite0 Star5 Phenomenon6
take_image satellite0 Star5 instrument0 thermograph0
turn_to satellite0 Phenomenon6 Star5
take_image satellite0 Phenomenon6 instrument0 thermograph0
