time	nodes	len	fail pr	eval time	
0.171	9	4	0.984375	0.004	
0.336	31	6	0.9765625	0.005	
0.353	34	6	0.96484375	0.007	
2.638	363	20	0.9296875	0.009	
3.029	424	20	0.89453125	0.012	
41.411	6701	17	0.7890625	0.015	
Incomplete Features: 110
Solution Evaluation Time (s): 0.015
Model Counting Time (s): 0.001
Nodes Expanded: 8180
Total Time (s): 47.339

Plan found
switch_on instrument0 satellite0
turn_to satellite0 Phenomenon3 Phenomenon6
turn_to satellite0 GroundStation1 Phenomenon3
turn_to satellite0 Star0 GroundStation1
turn_to satellite0 GroundStation2 Star0
turn_to satellite0 Star0 GroundStation2
turn_to satellite0 Phenomenon4 Star0
turn_to satellite0 GroundStation2 Phenomenon4
turn_to satellite0 Star0 GroundStation2
turn_to satellite0 Star5 Star0
turn_to satellite0 GroundStation1 Star5
turn_to satellite0 Star0 GroundStation1
turn_to satellite0 GroundStation2 Star0
calibrate satellite0 instrument0 GroundStation2
take_image satellite0 Star5 instrument0 thermograph0
take_image satellite0 Phenomenon4 instrument0 thermograph0
take_image satellite0 Phenomenon6 instrument0 thermograph0
