time	nodes	len	fail pr	eval time	
0.182	13	6	0.984375	0.004	
0.297	39	7	0.9296875	0.005	
2.234	404	7	0.859375	0.01	
21.731	4745	28	0.80078125	0.012	
Incomplete Features: 61
Solution Evaluation Time (s): 0.012
Model Counting Time (s): 0.0
Nodes Expanded: 5706
Total Time (s): 26.194

Plan found
turn_to satellite0 Star5 Phenomenon6
turn_to satellite0 Phenomenon4 Star5
turn_to satellite0 GroundStation2 Phenomenon4
switch_on instrument0 satellite0
turn_to satellite0 Star0 GroundStation2
turn_to satellite0 Phenomenon4 Star0
turn_to satellite0 Phenomenon6 Phenomenon4
turn_to satellite0 Phenomenon3 Phenomenon6
turn_to satellite0 GroundStation1 Phenomenon3
turn_to satellite0 Star0 GroundStation1
turn_to satellite0 Phenomenon4 Star0
turn_to satellite0 Phenomenon6 Phenomenon4
turn_to satellite0 Phenomenon3 Phenomenon6
calibrate satellite0 instrument0 GroundStation2
take_image satellite0 Phenomenon3 instrument0 thermograph0
turn_to satellite0 GroundStation1 Phenomenon3
turn_to satellite0 Star0 GroundStation1
turn_to satellite0 Phenomenon4 Star0
take_image satellite0 Phenomenon4 instrument0 thermograph0
turn_to satellite0 GroundStation2 Phenomenon4
turn_to satellite0 Star0 GroundStation2
turn_to satellite0 Star5 Star0
take_image satellite0 Star5 instrument0 thermograph0
turn_to satellite0 GroundStation1 Star5
turn_to satellite0 Star0 GroundStation1
turn_to satellite0 Phenomenon4 Star0
turn_to satellite0 Phenomenon6 Phenomenon4
take_image satellite0 Phenomenon6 instrument0 thermograph0
