time	nodes	len	fail pr	eval time	
0.179	17	8	0.875	0.004	
2.791	729	10	0.75	0.005	
6.79	1562	15	0.5	0.006	
Incomplete Features: 54
Solution Evaluation Time (s): 0.006
Model Counting Time (s): 0.0
Nodes Expanded: 3583
Total Time (s): 13.32

Plan found
turn_to satellite0 GroundStation2 Phenomenon6
switch_on instrument0 satellite0
calibrate satellite0 instrument0 GroundStation2
turn_to satellite0 Star0 GroundStation2
turn_to satellite0 Phenomenon4 Star0
take_image satellite0 Phenomenon4 instrument0 thermograph0
turn_to satellite0 GroundStation2 Phenomenon4
turn_to satellite0 GroundStation1 GroundStation2
turn_to satellite0 Star5 GroundStation1
take_image satellite0 Star5 instrument0 thermograph0
turn_to satellite0 GroundStation1 Star5
turn_to satellite0 Star0 GroundStation1
turn_to satellite0 Phenomenon4 Star0
turn_to satellite0 Phenomenon6 Phenomenon4
take_image satellite0 Phenomenon6 instrument0 thermograph0
