time	nodes	len	fail pr	eval time	
0.191	15	7	0.5	0.003	
0.942	191	28	0	0.005	
Incomplete Features: 58
Solution Evaluation Time (s): 0.005
Model Counting Time (s): 0.0
Nodes Expanded: 192
Total Time (s): 0.956

Plan found
switch_on instrument0 satellite0
turn_to satellite0 Phenomenon4 Phenomenon6
turn_to satellite0 GroundStation2 Phenomenon4
calibrate satellite0 instrument0 GroundStation2
turn_to satellite0 Phenomenon6 GroundStation2
take_image satellite0 Phenomenon6 instrument0 thermograph0
turn_to satellite0 Phenomenon4 Phenomenon6
take_image satellite0 Phenomenon4 instrument0 thermograph0
turn_to satellite0 GroundStation2 Phenomenon4
turn_to satellite0 Star5 GroundStation2
turn_to satellite0 Phenomenon3 Star5
turn_to satellite0 GroundStation1 Phenomenon3
turn_to satellite0 Star0 GroundStation1
take_image satellite0 Star0 instrument0 thermograph0
turn_to satellite0 Star5 Star0
turn_to satellite0 Phenomenon6 Star5
turn_to satellite0 GroundStation2 Phenomenon6
take_image satellite0 GroundStation2 instrument0 thermograph0
turn_to satellite0 Star5 GroundStation2
turn_to satellite0 Phenomenon6 Star5
turn_to satellite0 Star0 Phenomenon6
turn_to satellite0 GroundStation1 Star0
turn_to satellite0 Phenomenon3 GroundStation1
take_image satellite0 Phenomenon3 instrument0 thermograph0
turn_to satellite0 GroundStation1 Phenomenon3
turn_to satellite0 Star0 GroundStation1
turn_to satellite0 Star5 Star0
take_image satellite0 Star5 instrument0 thermograph0
