time	nodes	len	fail pr	eval time	
0.175	11	5	0.875	0.003	
3.538	1571	224	0.75	0.013	
4.937	2680	48	0.5	0.015	
5.034	2797	26	0	0.016	
Incomplete Features: 58
Solution Evaluation Time (s): 0.016
Model Counting Time (s): 0.0
Nodes Expanded: 2798
Total Time (s): 5.051

Plan found
switch_on instrument0 satellite0
turn_to satellite0 Star0 Phenomenon6
turn_to satellite0 GroundStation2 Star0
calibrate satellite0 instrument0 GroundStation2
turn_to satellite0 Phenomenon3 GroundStation2
turn_to satellite0 Phenomenon6 Phenomenon3
turn_to satellite0 Star0 Phenomenon6
turn_to satellite0 Phenomenon4 Star0
take_image satellite0 Phenomenon4 instrument0 thermograph0
turn_to satellite0 Phenomenon3 Phenomenon4
turn_to satellite0 GroundStation2 Phenomenon3
take_image satellite0 GroundStation2 instrument0 thermograph0
turn_to satellite0 Phenomenon3 GroundStation2
turn_to satellite0 Phenomenon6 Phenomenon3
turn_to satellite0 Star0 Phenomenon6
turn_to satellite0 Phenomenon4 Star0
turn_to satellite0 Star5 Phenomenon4
take_image satellite0 Star5 instrument0 thermograph0
turn_to satellite0 GroundStation1 Star5
turn_to satellite0 Phenomenon6 GroundStation1
turn_to satellite0 Star0 Phenomenon6
take_image satellite0 Star0 instrument0 thermograph0
turn_to satellite0 GroundStation2 Star0
turn_to satellite0 Phenomenon3 GroundStation2
turn_to satellite0 Phenomenon6 Phenomenon3
take_image satellite0 Phenomenon6 instrument0 thermograph0
