time	nodes	len	fail pr	eval time	
0.268	47	14	0.75	0.004	
Incomplete Features: 12
Solution Evaluation Time (s): 0.004
Model Counting Time (s): 0.0
Nodes Expanded: 335
Total Time (s): 1.449

Plan found
turn_to satellite0 Star0 Planet4
switch_on instrument1 satellite0
turn_to satellite0 GroundStation2 Star0
calibrate satellite0 instrument1 GroundStation2
turn_to satellite0 Planet4 GroundStation2
take_image satellite0 Planet4 instrument1 infrared0
turn_to satellite0 Planet3 Planet4
take_image satellite0 Planet3 instrument1 infrared0
turn_to satellite0 Phenomenon5 Planet3
take_image satellite0 Phenomenon5 instrument1 image2
turn_to satellite0 Phenomenon6 Phenomenon5
take_image satellite0 Phenomenon6 instrument1 infrared0
turn_to satellite0 Star7 Phenomenon6
take_image satellite0 Star7 instrument1 infrared0
