time	nodes	len	fail pr	eval time	
0.206	19	8	0.984375	0.003	
11.538	19147	62	0.96875	0.007	
Incomplete Features: 18
Solution Evaluation Time (s): 0.007
Model Counting Time (s): 0.0
Nodes Expanded: 25194
Total Time (s): 14.282

Plan found
turn_to satellite0 Phenomenon3 Phenomenon6
switch_on instrument0 satellite0
turn_to satellite0 GroundStation1 Phenomenon3
turn_to satellite0 Star0 GroundStation1
switch_off instrument0 satellite0
switch_on instrument0 satellite0
turn_to satellite0 Phenomenon4 Star0
turn_to satellite0 Phenomenon6 Phenomenon4
turn_to satellite0 GroundStation2 Phenomenon6
calibrate satellite0 instrument0 GroundStation2
turn_to satellite0 Star5 GroundStation2
turn_to satellite0 Phenomenon4 Star5
take_image satellite0 Phenomenon4 instrument0 thermograph0
turn_to satellite0 Phenomenon6 Phenomenon4
take_image satellite0 Phenomenon6 instrument0 thermograph0
switch_off instrument0 satellite0
turn_to satellite0 Star5 Phenomenon6
turn_to satellite0 Phenomenon3 Star5
turn_to satellite0 GroundStation1 Phenomenon3
turn_to satellite0 Star0 GroundStation1
switch_on instrument0 satellite0
turn_to satellite0 Star5 Star0
turn_to satellite0 Phenomenon6 Star5
switch_off instrument0 satellite0
turn_to satellite0 GroundStation2 Phenomenon6
switch_on instrument0 satellite0
calibrate satellite0 instrument0 GroundStation2
turn_to satellite0 GroundStation1 GroundStation2
turn_to satellite0 Star0 GroundStation1
take_image satellite0 Star0 instrument0 thermograph0
turn_to satellite0 Star5 Star0
turn_to satellite0 Phenomenon6 Star5
switch_off instrument0 satellite0
switch_on instrument0 satellite0
turn_to satellite0 Star5 Phenomenon6
turn_to satellite0 Phenomenon4 Star5
turn_to satellite0 GroundStation2 Phenomenon4
calibrate satellite0 instrument0 GroundStation2
turn_to satellite0 GroundStation1 GroundStation2
turn_to satellite0 Phenomenon3 GroundStation1
take_image satellite0 Phenomenon3 instrument0 thermograph0
turn_to satellite0 Star5 Phenomenon3
turn_to satellite0 Phenomenon6 Star5
switch_off instrument0 satellite0
switch_on instrument0 satellite0
turn_to satellite0 Star5 Phenomenon6
turn_to satellite0 Phenomenon4 Star5
turn_to satellite0 GroundStation2 Phenomenon4
calibrate satellite0 instrument0 GroundStation2
turn_to satellite0 GroundStation1 GroundStation2
take_image satellite0 GroundStation1 instrument0 thermograph0
turn_to satellite0 Star5 GroundStation1
turn_to satellite0 Phenomenon6 Star5
switch_off instrument0 satellite0
switch_on instrument0 satellite0
turn_to satellite0 Star5 Phenomenon6
turn_to satellite0 Phenomenon4 Star5
turn_to satellite0 GroundStation2 Phenomenon4
calibrate satellite0 instrument0 GroundStation2
take_image satellite0 GroundStation2 instrument0 thermograph0
turn_to satellite0 Star5 GroundStation2
take_image satellite0 Star5 instrument0 thermograph0
