time	nodes	len	fail pr	eval time	
0.181	15	7	0.9375	0.003	
0.69	155	17	0.875	0.004	
0.72	164	19	0.75	0.005	
0.809	205	16	0.5	0.005	
0.882	230	10	0	0.005	
Incomplete Features: 10
Solution Evaluation Time (s): 0.005
Model Counting Time (s): 0.0
Nodes Expanded: 231
Total Time (s): 0.89

Plan found
turn_to satellite0 GroundStation2 Phenomenon6
switch_on instrument0 satellite0
calibrate satellite0 instrument0 GroundStation2
turn_to satellite0 Star5 GroundStation2
take_image satellite0 Star5 instrument0 thermograph0
turn_to satellite0 Phenomenon6 Star5
take_image satellite0 Phenomenon6 instrument0 thermograph0
turn_to satellite0 Star5 Phenomenon6
turn_to satellite0 Phenomenon4 Star5
take_image satellite0 Phenomenon4 instrument0 thermograph0
