time	nodes	len	fail pr	eval time	
0.197	17	8	0.875	0.003	
1.877	363	11	0.75	0.004	
2.495	802	10	0.5	0.005	
3.353	1053	74	0	0.009	
Incomplete Features: 54
Solution Evaluation Time (s): 0.009
Model Counting Time (s): 0.0
Nodes Expanded: 1054
Total Time (s): 3.363

Plan found
turn_to satellite0 Star5 Phenomenon6
turn_to satellite0 Phenomenon4 Star5
turn_to satellite0 GroundStation2 Phenomenon4
switch_on instrument0 satellite0
calibrate satellite0 instrument0 GroundStation2
turn_to satellite0 Star0 GroundStation2
switch_off instrument0 satellite0
turn_to satellite0 Phenomenon4 Star0
turn_to satellite0 Phenomenon6 Phenomenon4
turn_to satellite0 Phenomenon3 Phenomenon6
turn_to satellite0 GroundStation1 Phenomenon3
turn_to satellite0 Star0 GroundStation1
turn_to satellite0 Phenomenon4 Star0
turn_to satellite0 Phenomenon6 Phenomenon4
turn_to satellite0 Phenomenon3 Phenomenon6
turn_to satellite0 Star5 Phenomenon3
switch_on instrument0 satellite0
turn_to satellite0 GroundStation1 Star5
turn_to satellite0 Star0 GroundStation1
switch_off instrument0 satellite0
turn_to satellite0 Phenomenon4 Star0
turn_to satellite0 Phenomenon6 Phenomenon4
turn_to satellite0 Phenomenon3 Phenomenon6
switch_on instrument0 satellite0
turn_to satellite0 Phenomenon4 Phenomenon3
turn_to satellite0 GroundStation2 Phenomenon4
calibrate satellite0 instrument0 GroundStation2
turn_to satellite0 Star0 GroundStation2
turn_to satellite0 Phenomenon4 Star0
take_image satellite0 Phenomenon4 instrument0 thermograph0
switch_off instrument0 satellite0
turn_to satellite0 GroundStation2 Phenomenon4
turn_to satellite0 Star0 GroundStation2
turn_to satellite0 Star5 Star0
turn_to satellite0 GroundStation1 Star5
turn_to satellite0 Phenomenon3 GroundStation1
turn_to satellite0 Phenomenon6 Phenomenon3
switch_on instrument0 satellite0
turn_to satellite0 Star0 Phenomenon6
switch_off instrument0 satellite0
turn_to satellite0 Phenomenon4 Star0
turn_to satellite0 Phenomenon6 Phenomenon4
turn_to satellite0 Phenomenon3 Phenomenon6
turn_to satellite0 GroundStation1 Phenomenon3
switch_on instrument0 satellite0
turn_to satellite0 Phenomenon3 GroundStation1
turn_to satellite0 GroundStation2 Phenomenon3
calibrate satellite0 instrument0 GroundStation2
turn_to satellite0 Star0 GroundStation2
turn_to satellite0 Star5 Star0
take_image satellite0 Star5 instrument0 thermograph0
turn_to satellite0 GroundStation1 Star5
turn_to satellite0 Star0 GroundStation1
switch_off instrument0 satellite0
turn_to satellite0 Phenomenon4 Star0
turn_to satellite0 Phenomenon6 Phenomenon4
turn_to satellite0 Phenomenon3 Phenomenon6
turn_to satellite0 GroundStation1 Phenomenon3
switch_on instrument0 satellite0
turn_to satellite0 Star0 GroundStation1
switch_off instrument0 satellite0
turn_to satellite0 Phenomenon4 Star0
turn_to satellite0 Phenomenon6 Phenomenon4
turn_to satellite0 Phenomenon3 Phenomenon6
turn_to satellite0 GroundStation1 Phenomenon3
turn_to satellite0 Star5 GroundStation1
switch_on instrument0 satellite0
turn_to satellite0 Phenomenon6 Star5
turn_to satellite0 Phenomenon3 Phenomenon6
turn_to satellite0 Phenomenon4 Phenomenon3
turn_to satellite0 GroundStation2 Phenomenon4
calibrate satellite0 instrument0 GroundStation2
turn_to satellite0 Phenomenon6 GroundStation2
take_image satellite0 Phenomenon6 instrument0 thermograph0
