time	nodes	len	fail pr	eval time	
0.169	11	5	0.9375	0.003	
0.295	37	7	0.90625	0.004	
0.301	40	7	0.859375	0.005	
0.841	129	11	0.7890625	0.006	
Incomplete Features: 56
Solution Evaluation Time (s): 0.006
Model Counting Time (s): 0.0
Nodes Expanded: 1128
Total Time (s): 3.427

Plan found
turn_to satellite0 GroundStation1 Phenomenon6
turn_to satellite0 Star5 GroundStation1
turn_to satellite0 GroundStation1 Star5
turn_to satellite0 GroundStation2 GroundStation1
turn_to satellite0 Star0 GroundStation2
switch_on instrument0 satellite0
turn_to satellite0 Phenomenon4 Star0
calibrate satellite0 instrument0 GroundStation2
take_image satellite0 Phenomenon4 instrument0 thermograph0
take_image satellite0 Star5 instrument0 thermograph0
take_image satellite0 Phenomenon6 instrument0 thermograph0
