time	nodes	len	fail pr	eval time	
0.585	87	21	0.5	0.009	
Incomplete Features: 3
Solution Evaluation Time (s): 0.009
Model Counting Time (s): 0.0
Nodes Expanded: 9687
Total Time (s): 18.365

Plan found
turn_to satellite0 Phenomenon8 Star6
turn_to satellite1 Star7 Star0
switch_on instrument1 satellite1
turn_to satellite1 Phenomenon9 Star7
turn_to satellite1 Star2 Phenomenon9
calibrate satellite1 instrument1 Star2
turn_to satellite1 Planet3 Star2
take_image satellite1 Planet3 instrument1 infrared1
turn_to satellite1 Star7 Planet3
turn_to satellite1 Phenomenon9 Star7
take_image satellite1 Phenomenon9 instrument1 infrared0
turn_to satellite1 Phenomenon8 Phenomenon9
take_image satellite1 Phenomenon8 instrument1 thermograph2
turn_to satellite1 Star4 Phenomenon8
take_image satellite1 Star4 instrument1 infrared1
turn_to satellite1 Star6 Star4
take_image satellite1 Star6 instrument1 infrared1
turn_to satellite1 Star7 Star6
take_image satellite1 Star7 instrument1 infrared0
turn_to satellite1 Planet5 Star7
take_image satellite1 Planet5 instrument1 thermograph2
