time	nodes	len	fail pr	eval time	
6.41	104	17	0.875	0.919	
87.51	2722	20	0.75	1.677	
92.68	2941	24	0.625	2.434	
132.608	4313	24	0.25	3.172	
Incomplete Features: 19440
Solution Evaluation Time (s): 3.172
Model Counting Time (s): 0.029
Nodes Expanded: 4316
Total Time (s): 135.815

Plan found
sendtohome club2 diamond2 club N2 club0 N0
move spadeA spade2 diamond2
move spadeA diamond2 heart2
sendtofree spadeA heart2 N2 N1
sendtohome diamondA heartA diamond N1 diamond0 N0
move-b heartA spade2 N0 N1
sendtohome heartA spade2 heart N1 heart0 N0
sendtohome heart2 clubA heart N2 heartA N1
move-b clubA diamond2 N1 N2
sendtofree-b spade2 N1 N0 N2 N3
newcolfromfreecell spadeA N3 N2 N0 N1
sendtonewcol clubA diamond2 N2 N1
move-b spadeA diamond2 N1 N2
sendtofree-b clubA N1 N0 N2 N3
newcolfromfreecell spade2 N3 N2 N0 N1
sendtohome spadeA diamond2 spade N1 spade0 N0
sendtofree-b spade2 N1 N0 N2 N3
newcolfromfreecell clubA N3 N2 N0 N1
sendtofree-b diamond2 N1 N0 N2 N3
newcolfromfreecell spade2 N3 N2 N0 N1
sendtofree-b clubA N1 N0 N2 N3
sendtohome-b spade2 spade N2 spadeA N1 N3 N4
newcolfromfreecell diamond2 N4 N3 N0 N1
sendtohome-b diamond2 diamond N2 diamondA N1 N3 N4
