time	nodes	len	fail pr	eval time	
9.231	408	19	0	0.004	
Incomplete Features: 15168
Solution Evaluation Time (s): 0.004
Model Counting Time (s): 0.0
Nodes Expanded: 408
Total Time (s): 9.531

Plan found
sendtofree spadeA spade2 N2 N1
move diamondA heartA spade2
sendtofree diamondA spade2 N1 N0
move-b heartA spade2 N0 N1
colfromfreecell spadeA heart2 N0 N1
sendtohome heartA spade2 heart N1 heart0 N0
sendtohome spadeA heart2 spade N1 spade0 N0
sendtohome heart2 clubA heart N2 heartA N1
colfromfreecell diamondA spade2 N1 N2
sendtohome diamondA spade2 diamond N1 diamond0 N0
sendtofree club2 diamond2 N2 N1
move-b clubA diamond2 N1 N2
sendtohome clubA diamond2 club N1 club0 N0
sendtofree-b spade2 N1 N0 N2 N3
sendtohome-b diamond2 diamond N2 diamondA N1 N3 N4
newcolfromfreecell spade2 N4 N3 N0 N1
sendtohome-b spade2 spade N2 spadeA N1 N3 N4
newcolfromfreecell club2 N4 N3 N1 N2
sendtohome-b club2 club N2 clubA N1 N3 N4
