time	nodes	len	fail pr	eval time	
3.635	97	28	0.96875	0.061	
15.357	547	79	0.9375	0.089	
20.559	811	69	0.875	0.112	
25.356	1095	75	0.75	0.134	
30.676	1376	59	0.5	0.153	
34.667	1650	54	0	0.155	
Incomplete Features: 2572
Solution Evaluation Time (s): 0.155
Model Counting Time (s): 0.0
Nodes Expanded: 1651
Total Time (s): 34.823

Plan found
sendtofree diamond4 diamond3 N2 N1
move diamond2 clubA club3
move clubA heart4 diamond2
sendtofree diamond3 club2 N1 N0
move diamondA spade2 club2
sendtohome diamondA club2 diamond N1 diamond0 N0
sendtohome clubA diamond2 club N1 club0 N0
sendtohome diamond2 club3 diamond N2 diamondA N1
move-b club2 heart3 N0 N1
move club3 spade3 heart4
sendtonewcol club3 heart4 N1 N0
sendtohome club2 heart3 club N2 clubA N1
move-b club3 heart4 N0 N1
sendtonewcol heart3 spadeA N1 N0
sendtohome club3 heart4 club N3 club2 N2
move spade3 heart2 heart4
move spade2 club4 heart3
move spadeA heartA heart2
colfromfreecell diamond3 club4 N0 N1
sendtofree spadeA heart2 N1 N0
move spade2 heart3 diamond3
move heart2 spade4 spade3
move-b heart3 spade4 N0 N1
sendtonewcol spade2 diamond3 N1 N0
sendtohome diamond3 club4 diamond N3 diamond2 N2
move-b spade2 heart3 N0 N1
move-b heartA spade2 N1 N2
sendtonewcol heart2 spade3 N2 N1
sendtonewcol spade3 heart4 N1 N0
sendtohome-b club4 club N4 club3 N3 N0 N1
homefromfreecell diamond4 diamond N4 diamond3 N3 N0 N1
colfromfreecell spadeA heart2 N1 N2
sendtohome spadeA heart2 spade N1 spade0 N0
move-b spade3 heart4 N1 N2
sendtofree spade3 heart4 N2 N1
sendtofree-b heart2 N1 N0 N2 N3
sendtonewcol heartA spade2 N3 N2
sendtohome-b heartA heart N1 heart0 N0 N2 N3
newcolfromfreecell spade3 N3 N2 N0 N1
move-b spade3 heart4 N2 N3
sendtofree spade3 heart4 N1 N0
sendtohome spade2 heart3 spade N2 spadeA N1
newcolfromfreecell spade3 N3 N2 N0 N1
move-b spade3 heart4 N2 N3
sendtofree heart3 spade4 N1 N0
colfromfreecell heart2 spade3 N0 N1
colfromfreecell heart3 spade4 N1 N2
sendtohome heart2 spade3 heart N2 heartA N1
sendtohome spade3 heart4 spade N3 spade2 N2
sendtofree-b heart4 N2 N1 N3 N4
sendtohome heart3 spade4 heart N3 heart2 N2
sendtofree-b spade4 N1 N0 N4 N5
homefromfreecell heart4 heart N4 heart3 N3 N0 N1
homefromfreecell spade4 spade N4 spade3 N3 N1 N2
