time	nodes	len	fail pr	eval time	
44.973	1653	59	0	0.007	
Incomplete Features: 80
Solution Evaluation Time (s): 0.007
Model Counting Time (s): 0.0
Nodes Expanded: 1653
Total Time (s): 45.883

Plan found
sendtohome spadeA heart4 spade N1 spade0 N0
move spade3 spade6 heart4
sendtofree spade6 heart5 N3 N2
sendtofree heart6 heart2 N2 N1
sendtofree diamond3 diamond5 N1 N0
move heart2 heartA spade3
sendtohome heartA club4 heart N1 heart0 N0
sendtohome heart2 spade3 heart N2 heartA N1
colfromfreecell diamond3 club4 N0 N1
sendtofree spade5 club2 N1 N0
move club2 spade2 diamond3
sendtohome spade2 club5 spade N2 spadeA N1
sendtohome spade3 heart4 spade N3 spade2 N2
move heart4 spade4 club5
sendtohome spade4 clubA spade N4 spade3 N3
sendtohome clubA diamond4 club N1 club0 N0
homefromfreecell spade5 spade N5 spade4 N4 N0 N1
sendtofree heart4 club5 N1 N0
homefromfreecell spade6 spade N6 spade5 N5 N0 N1
sendtohome club2 diamond3 club N2 clubA N1
sendtofree diamond3 club4 N1 N0
move-b diamond4 club5 N0 N1
move club4 diamondA diamond5
sendtonewcol heart5 club3 N1 N0
move club4 diamond5 heart5
colfromfreecell diamond3 club4 N0 N1
sendtofree diamond5 club6 N1 N0
move club3 diamond2 diamond4
move-b diamond2 club3 N0 N1
sendtonewcol club6 diamond6 N1 N0
colfromfreecell diamond5 club6 N0 N1
sendtofree diamond6 heart3 N1 N0
sendtohome-b heart3 heart N3 heart2 N2 N0 N1
homefromfreecell heart4 heart N4 heart3 N3 N0 N1
sendtofree diamond5 club6 N1 N0
sendtonewcol diamond3 club4 N1 N0
colfromfreecell diamond5 club6 N0 N1
sendtofree club4 heart5 N1 N0
sendtohome-b heart5 heart N5 heart4 N4 N0 N1
homefromfreecell heart6 heart N6 heart5 N5 N0 N1
sendtofree diamond5 club6 N1 N0
sendtonewcol diamond2 club3 N1 N0
colfromfreecell diamond5 club6 N0 N1
colfromfreecell club4 diamond5 N1 N2
move-b diamond3 club4 N0 N1
sendtofree diamond3 club4 N2 N1
sendtofree club4 diamond5 N1 N0
sendtohome club3 diamond4 club N3 club2 N2
homefromfreecell club4 club N4 club3 N3 N0 N1
sendtofree diamond4 club5 N1 N0
sendtohome-b club5 club N5 club4 N4 N1 N2
sendtohome-b diamondA diamond N1 diamond0 N0 N2 N3
sendtohome-b diamond2 diamond N2 diamondA N1 N3 N4
homefromfreecell diamond3 diamond N3 diamond2 N2 N0 N1
homefromfreecell diamond4 diamond N4 diamond3 N3 N1 N2
sendtohome diamond5 club6 diamond N5 diamond4 N4
homefromfreecell diamond6 diamond N6 diamond5 N5 N2 N3
sendtofree-b club6 N3 N2 N4 N5
homefromfreecell club6 club N6 club5 N5 N2 N3
