time	nodes	len	fail pr	eval time	
3.105	49	14	0.875	0.14	
23.415	1399	24	0.75	0.156	
Incomplete Features: 1920
Solution Evaluation Time (s): 0.156
Model Counting Time (s): 0.001
Nodes Expanded: 5129
Total Time (s): 78.508

Plan found
sendtofree heart2 clubA N2 N1
sendtofree club2 diamond2 N1 N0
move spadeA spade2 diamond2
sendtohome diamondA heartA diamond N1 diamond0 N0
move-b heartA spade2 N0 N1
sendtohome spadeA diamond2 spade N1 spade0 N0
sendtohome heartA spade2 heart N1 heart0 N0
move-b clubA diamond2 N1 N2
newcolfromfreecell heart2 N2 N1 N0 N4
sendtofree-b heart2 N4 N3 N1 N2
homefromfreecell heart2 heart N2 heartA N1 N3 N4
sendtonewcol clubA diamond2 N2 N1
newcolfromfreecell club2 N1 N0 N4 N3
sendtofree-b club2 N3 N2 N0 N1
move-b clubA diamond2 N1 N2
sendtofree clubA diamond2 N2 N1
sendtofree-b diamond2 N1 N0 N2 N3
sendtohome-b spade2 spade N2 spadeA N1 N3 N4
newcolfromfreecell clubA N4 N3 N0 N2
sendtohome-b clubA club N1 club0 N0 N3 N4
newcolfromfreecell diamond2 N4 N3 N2 N0
sendtohome-b diamond2 diamond N2 diamondA N1 N3 N4
newcolfromfreecell club2 N4 N3 N0 N1
sendtohome-b club2 club N2 clubA N1 N3 N4
