time	nodes	len	fail pr	eval time	
3.254	19	7	0.9921875	0.294	
5.667	65	9	0.96875	0.461	
52.55	4452	32	0.9375	0.581	
77.174	6940	14	0.875	0.7	
79.92	7221	25	0.75	0.818	
107.803	10046	28	0.5	0.937	
113.516	10699	16	0	0.938	
Incomplete Features: 7712
Solution Evaluation Time (s): 0.938
Model Counting Time (s): 0.004
Nodes Expanded: 10700
Total Time (s): 114.458

Plan found
sendtohome spadeA spade2 spade N1 spade0 N0
sendtofree club2 diamond2 N2 N1
sendtohome diamondA heartA diamond N1 diamond0 N0
move-b heartA spade2 N0 N1
sendtohome heartA spade2 heart N1 heart0 N0
sendtohome heart2 clubA heart N2 heartA N1
move-b clubA diamond2 N1 N2
sendtohome clubA diamond2 club N1 club0 N0
sendtofree-b spade2 N1 N0 N2 N3
newcolfromfreecell club2 N3 N2 N0 N1
sendtofree-b diamond2 N1 N0 N2 N3
sendtohome-b club2 club N2 clubA N1 N3 N4
newcolfromfreecell diamond2 N4 N3 N0 N1
sendtohome-b diamond2 diamond N2 diamondA N1 N3 N4
newcolfromfreecell spade2 N4 N3 N1 N2
sendtohome-b spade2 spade N2 spadeA N1 N3 N4
