time	nodes	len	fail pr	eval time	
6.658	202	46	0	0.006	
Incomplete Features: 48
Solution Evaluation Time (s): 0.006
Model Counting Time (s): 0.0
Nodes Expanded: 202
Total Time (s): 6.982

Plan found
sendtofree club3 club4 N2 N1
sendtofree club2 diamond3 N1 N0
colfromfreecell club3 heart4 N0 N1
sendtofree spade4 diamond2 N1 N0
move diamond3 heartA club4
sendtohome heartA spadeA heart N1 heart0 N0
move diamond2 diamond5 club3
colfromfreecell club2 diamond3 N0 N1
sendtofree club5 heart3 N1 N0
move-b spadeA diamond2 N0 N1
sendtonewcol heart3 diamond4 N1 N0
sendtohome spadeA diamond2 spade N1 spade0 N0
colfromfreecell spade4 diamond5 N0 N1
sendtofree diamond4 heart5 N1 N0
move club2 diamond3 heart3
move spade4 diamond5 heart5
move diamond3 club4 spade4
move club4 heart2 diamond5
sendtohome heart2 clubA heart N2 heartA N1
move-b clubA diamond2 N0 N1
sendtohome clubA diamond2 club N1 club0 N0
sendtonewcol club4 diamond5 N1 N0
sendtohome club2 heart3 club N2 clubA N1
sendtohome-b heart3 heart N3 heart2 N2 N0 N1
sendtonewcol diamond5 spade3 N1 N0
move diamond2 club3 spade3
sendtohome club3 heart4 club N3 club2 N2
sendtohome heart4 spade5 heart N4 heart3 N3
move-b club4 diamond5 N0 N1
sendtohome club4 diamond5 club N4 club3 N3
sendtonewcol spade5 diamondA N1 N0
sendtohome diamondA spade2 diamond N1 diamond0 N0
move-b spade2 diamond3 N0 N1
sendtohome spade2 diamond3 spade N2 spadeA N1
sendtohome diamond2 spade3 diamond N2 diamondA N1
sendtohome diamond3 spade4 diamond N3 diamond2 N2
homefromfreecell diamond4 diamond N4 diamond3 N3 N0 N1
homefromfreecell club5 club N5 club4 N4 N1 N2
sendtonewcol spade4 heart5 N1 N0
sendtohome-b spade3 spade N3 spade2 N2 N0 N1
sendtohome-b spade4 spade N4 spade3 N3 N1 N2
sendtohome-b diamond5 diamond N5 diamond4 N4 N2 N3
sendtofree-b heart5 N2 N1 N3 N4
sendtofree-b spade5 N1 N0 N4 N5
homefromfreecell heart5 heart N5 heart4 N4 N0 N1
homefromfreecell spade5 spade N5 spade4 N4 N1 N2
