time	nodes	len	fail pr	eval time	
4.963	89	24	0	0.004	
Incomplete Features: 3800
Solution Evaluation Time (s): 0.004
Model Counting Time (s): 0.0
Nodes Expanded: 89
Total Time (s): 5.529

Plan found
sendtofree heart3 spadeA N2 N1
sendtofree diamond4 diamond3 N1 N0
move diamond2 clubA club3
sendtohome clubA heart4 club N1 club0 N0
sendtohome diamondA spade2 diamond N1 diamond0 N0
sendtohome diamond2 club3 diamond N2 diamondA N1
move club3 spade3 heart4
sendtohome spadeA heartA spade N1 spade0 N0
sendtohome spade2 club4 spade N2 spadeA N1
sendtohome diamond3 club2 diamond N3 diamond2 N2
sendtohome spade3 heart2 spade N3 spade2 N2
homefromfreecell diamond4 diamond N4 diamond3 N3 N0 N1
sendtofree club3 heart4 N1 N0
move-b heartA club2 N0 N1
sendtohome heartA club2 heart N1 heart0 N0
sendtohome heart2 spade4 heart N2 heartA N1
homefromfreecell heart3 heart N3 heart2 N2 N0 N1
sendtohome-b spade4 spade N4 spade3 N3 N1 N2
sendtofree-b club4 N1 N0 N2 N3
sendtohome-b club2 club N2 clubA N1 N3 N4
homefromfreecell club3 club N3 club2 N2 N0 N1
sendtofree-b heart4 N1 N0 N4 N5
homefromfreecell club4 club N4 club3 N3 N0 N1
homefromfreecell heart4 heart N4 heart3 N3 N1 N2
