time	nodes	len	fail pr	eval time	
3.393	85	18	0	0.008	
Incomplete Features: 448
Solution Evaluation Time (s): 0.008
Model Counting Time (s): 0.0
Nodes Expanded: 85
Total Time (s): 3.677

Plan found
sendtofree spade2 club3 N2 N1
sendtofree heart3 diamond2 N1 N0
sendtohome clubA diamondA club N1 club0 N0
sendtohome club2 diamond3 club N2 clubA N1
sendtohome-b club3 club N3 club2 N2 N0 N1
move-b diamond2 spade3 N1 N2
sendtohome-b diamondA diamond N1 diamond0 N0 N2 N3
sendtohome diamond2 spade3 diamond N2 diamondA N1
sendtohome diamond3 spadeA diamond N3 diamond2 N2
sendtohome-b spadeA spade N1 spade0 N0 N3 N4
newcolfromfreecell spade2 N4 N3 N0 N1
sendtohome-b spade2 spade N2 spadeA N1 N3 N4
sendtohome spade3 heart2 spade N3 spade2 N2
sendtonewcol heart2 heartA N4 N3
sendtohome-b heartA heart N1 heart0 N0 N3 N4
sendtohome-b heart2 heart N2 heartA N1 N4 N5
newcolfromfreecell heart3 N5 N4 N1 N2
sendtohome-b heart3 heart N3 heart2 N2 N4 N5
