time	nodes	len	fail pr	eval time	
6.422	115	13	0.96875	1.075	
197.039	7705	28	0.9375	1.826	
215.081	8460	21	0.875	2.58	
324.999	12993	22	0.75	3.336	
331.839	13358	27	0.5	4.099	
398.134	16146	16	0	4.1	
Incomplete Features: 19328
Solution Evaluation Time (s): 4.1
Model Counting Time (s): 0.026
Nodes Expanded: 16147
Total Time (s): 402.239

Plan found
sendtohome spadeA spade2 spade N1 diamond0 N0
sendtofree club2 diamond2 N2 N1
sendtohome diamondA heartA diamond N1 spade0 N0
move-b heartA spade2 N0 N1
sendtohome heartA spade2 heart N1 heart0 N0
sendtohome heart2 clubA heart N2 heartA N1
move-b clubA diamond2 N1 N2
sendtofree-b spade2 N1 N0 N2 N3
newcolfromfreecell club2 N3 N2 N0 N1
sendtohome clubA diamond2 club N1 club0 N0
sendtofree-b diamond2 N1 N0 N2 N3
sendtohome-b club2 club N2 clubA N1 N3 N4
newcolfromfreecell spade2 N4 N3 N0 N1
sendtohome-b spade2 spade N2 spadeA N1 N3 N4
newcolfromfreecell diamond2 N4 N3 N1 N2
sendtohome-b diamond2 diamond N2 diamondA N1 N3 N4
