time	nodes	len	fail pr	eval time	
4.742	81	20	0.875	0.369	
28.471	1023	21	0.75	0.58	
244.885	9273	19	0.5	0.776	
Incomplete Features: 9968
Solution Evaluation Time (s): 0.776
Model Counting Time (s): 0.009
Nodes Expanded: 11150
Total Time (s): 294.719

Plan found
sendtohome spadeA spade2 spade N1 spade0 N0
move diamondA heartA club2
move-b heartA spade2 N0 N1
sendtohome heartA spade2 heart N1 heart0 N0
sendtohome heart2 clubA heart N2 heartA N1
sendtonewcol diamondA club2 N1 N0
sendtofree club2 diamond2 N2 N1
move-b diamondA spade2 N0 N1
move-b clubA diamond2 N1 N2
sendtonewcol diamondA spade2 N2 N1
sendtohome clubA diamond2 club N1 club0 N0
move-b diamondA spade2 N1 N2
sendtofree-b diamond2 N1 N0 N2 N3
sendtohome diamondA spade2 diamond N1 diamond0 N0
sendtohome-b spade2 spade N2 spadeA N1 N3 N4
newcolfromfreecell diamond2 N4 N3 N0 N1
sendtohome-b diamond2 diamond N2 diamondA N1 N3 N4
newcolfromfreecell club2 N4 N3 N1 N2
sendtohome-b club2 club N2 clubA N1 N3 N4
