time	nodes	len	fail pr	eval time	
3.276	197	19	0.9921875	0.051	
25.57	4870	16	0.984375	0.07	
27.52	5823	13	0.9375	0.089	
Incomplete Features: 2096
Solution Evaluation Time (s): 0.089
Model Counting Time (s): 0.001
Nodes Expanded: 46370
Total Time (s): 240.652

Plan found
sendtofree club2 diamond2 N2 N1
sendtofree spadeA spade2 N1 N0
move diamondA heartA spade2
sendtohome diamondA spade2 diamond N1 diamond0 N0
move-b heartA spade2 N0 N1
sendtohome heartA spade2 heart N1 heart0 N0
sendtohome heart2 clubA heart N2 heartA N1
move-b clubA diamond2 N1 N2
sendtohome-b spade2 spade N1 spade0 N0 N2 N3
newcolfromfreecell club2 N3 N2 N0 N1
sendtohome-b club2 club N1 club0 N0 N2 N3
sendtofree clubA diamond2 N1 N0
sendtohome-b diamond2 diamond N2 diamondA N1 N3 N4
