time	nodes	len	fail pr	eval time	
5.254	533	22	0.96875	0.162	
70.848	7355	18	0.9375	0.285	
74.045	7726	16	0.875	0.409	
Incomplete Features: 7488
Solution Evaluation Time (s): 0.409
Model Counting Time (s): 0.006
Nodes Expanded: 25297
Total Time (s): 270.889

Plan found
sendtohome spadeA spade2 spade N1 spade0 N0
sendtofree club2 diamond2 N2 N1
sendtohome diamondA heartA diamond N1 diamond0 N0
move-b heartA spade2 N0 N1
sendtohome heartA spade2 heart N1 heart0 N0
sendtohome heart2 clubA heart N2 heartA N1
move-b clubA diamond2 N1 N2
sendtohome clubA diamond2 club N1 club0 N0
sendtofree-b spade2 N1 N0 N2 N3
sendtohome-b diamond2 diamond N2 diamondA N1 N3 N4
newcolfromfreecell club2 N4 N3 N0 N1
sendtofree-b club2 N1 N0 N3 N4
newcolfromfreecell club2 N4 N3 N0 N1
sendtohome-b club2 club N2 clubA N1 N3 N4
newcolfromfreecell spade2 N4 N3 N1 N2
sendtohome-b spade2 spade N2 spadeA N1 N3 N4
