time	nodes	len	fail pr	eval time	
7.648	262	31	0	0.005	
Incomplete Features: 576
Solution Evaluation Time (s): 0.005
Model Counting Time (s): 0.0
Nodes Expanded: 262
Total Time (s): 7.91

Plan found
sendtohome diamondA spade2 diamond N1 diamond0 N0
sendtohome diamond2 clubA diamond N2 diamondA N1
sendtofree clubA heart4 N2 N1
sendtofree club3 spade3 N1 N0
homefromfreecell club3 club N3 diamond2 N2 N0 N1
move spade3 heart2 heart4
move spade3 heart4 diamond4
colfromfreecell clubA heart2 N1 N2
sendtofree spade3 diamond4 N2 N1
sendtofree diamond4 diamond3 N1 N0
sendtohome clubA heart2 club N1 club0 N0
colfromfreecell spade3 heart4 N0 N1
move heart2 spade4 spade3
sendtofree heart3 spadeA N1 N0
move spade2 club4 diamond3
sendtohome-b club4 club N4 club3 N3 N0 N1
sendtohome spadeA heartA spade N1 spade0 N0
sendtohome spade2 diamond3 spade N2 spadeA N1
sendtonewcol heart2 spade3 N1 N0
sendtohome spade3 heart4 spade N3 spade2 N2
sendtohome-b spade4 spade N4 spade3 N3 N0 N1
sendtonewcol diamond3 club2 N1 N0
move-b club2 diamond3 N0 N1
sendtohome club2 diamond3 club N2 clubA N1
homefromfreecell heart3 heart N3 club2 N2 N0 N1
sendtohome-b heart4 heart N4 heart3 N3 N1 N2
sendtofree-b diamond3 N1 N0 N2 N3
sendtohome-b heartA heart N1 heart0 N0 N3 N4
sendtohome-b heart2 heart N2 heartA N1 N4 N5
homefromfreecell diamond3 diamond N3 heart2 N2 N0 N1
homefromfreecell diamond4 diamond N4 diamond3 N3 N1 N2
