time	nodes	len	fail pr	eval time	
5.063	147	17	0.984375	0.379	
58.164	2951	16	0.96875	0.612	
Incomplete Features: 10800
Solution Evaluation Time (s): 0.612
Model Counting Time (s): 0.007
Nodes Expanded: 36858
Total Time (s): 853.953

Plan found
sendtohome diamondA heartA diamond N1 diamond0 N0
sendtohome spadeA spade2 spade N1 spade0 N0
move-b heartA spade2 N0 N1
sendtofree heartA spade2 N2 N1
colfromfreecell heartA club2 N1 N2
sendtohome heartA club2 heart N1 heart0 N0
sendtohome heart2 clubA heart N2 heartA N1
sendtofree club2 diamond2 N2 N1
move-b clubA diamond2 N1 N2
sendtohome clubA diamond2 club N1 club0 N0
sendtofree-b spade2 N1 N0 N2 N3
sendtohome-b diamond2 diamond N2 diamondA N1 N3 N4
newcolfromfreecell spade2 N4 N3 N0 N1
sendtohome-b spade2 spade N2 spadeA N1 N3 N4
newcolfromfreecell club2 N4 N3 N1 N2
sendtohome-b club2 club N2 clubA N1 N3 N4
