time	nodes	len	fail pr	eval time	
302.072	2753	106	0	0.011	
Incomplete Features: 168
Solution Evaluation Time (s): 0.011
Model Counting Time (s): 0.0
Nodes Expanded: 2753
Total Time (s): 306.068

Plan found
sendtofree spade8 spadeA N4 N3
sendtohome spadeA heart6 spade N1 spade0 N0
sendtofree diamond4 heart4 N3 N2
move heart5 spade2 club6
sendtohome spade2 spade7 spade N2 spadeA N1
sendtofree diamond8 club8 N2 N1
move heart6 club4 spade7
move club4 club7 heart5
move heart6 spade7 club7
sendtofree heart4 spade3 N1 N0
sendtohome spade3 spade5 spade N3 spade2 N2
move spade5 diamond7 heart6
colfromfreecell heart4 spade5 N0 N1
move diamond7 diamond3 club8
move club2 club3 diamond3
move club3 heart2 heart4
move heart2 diamondA club3
move diamondA spade6 club2
sendtofree diamond7 club8 N1 N0
sendtohome diamondA club2 diamond N1 diamond0 N0
colfromfreecell diamond7 club8 N0 N1
sendtofree club4 heart5 N1 N0
move heart5 club6 spade6
colfromfreecell club4 heart5 N0 N1
sendtofree club6 heartA N1 N0
move heartA spade4 club2
sendtohome spade4 diamond2 spade N4 spade3 N3
sendtohome heartA club2 heart N1 heart0 N0
sendtohome heart2 club3 heart N2 heartA N1
colfromfreecell club6 diamond7 N0 N1
sendtofree club4 heart5 N1 N0
move heart5 spade6 club6
sendtohome diamond2 club5 diamond N2 diamondA N1
colfromfreecell diamond4 club5 N0 N1
sendtofree club3 heart4 N1 N0
colfromfreecell club3 diamond4 N0 N1
sendtofree heart4 spade5 N1 N0
sendtohome spade5 heart6 spade N5 spade4 N4
sendtohome spade6 diamond6 spade N6 spade5 N5
sendtohome spade7 diamond5 spade N7 spade6 N6
homefromfreecell spade8 spade N8 spade7 N7 N0 N1
sendtofree club2 diamond3 N1 N0
sendtohome-b diamond3 diamond N3 diamond2 N2 N0 N1
colfromfreecell club4 diamond5 N0 N1
move club4 diamond5 heart5
sendtofree diamond5 clubA N1 N0
sendtonewcol club3 diamond4 N1 N0
sendtohome diamond4 club5 diamond N4 diamond3 N3
colfromfreecell heart4 club5 N0 N1
homefromfreecell diamond5 diamond N5 diamond4 N4 N1 N2
move-b club3 heart4 N0 N1
sendtofree heart6 club7 N2 N1
sendtonewcol club3 heart4 N1 N0
move-b diamond6 club7 N0 N1
sendtofree club4 heart5 N1 N0
sendtonewcol diamond6 club7 N1 N0
sendtohome-b diamond6 diamond N6 diamond5 N5 N0 N1
colfromfreecell heart6 club7 N0 N1
sendtonewcol heart4 club5 N1 N0
colfromfreecell club4 heart5 N1 N2
move-b heart4 club5 N0 N1
newcolfromfreecell club2 N1 N0 N2 N3
sendtofree-b club3 N3 N2 N0 N1
sendtofree club4 heart5 N2 N1
sendtonewcol heart4 club5 N1 N0
move-b club5 heart6 N0 N1
colfromfreecell club3 heart4 N1 N2
sendtofree heart5 club6 N2 N1
sendtonewcol club3 heart4 N1 N0
move-b heart4 club5 N0 N1
sendtonewcol club6 diamond7 N1 N0
move-b club3 heart4 N0 N1
sendtonewcol diamond7 club8 N1 N0
colfromfreecell heart5 club6 N1 N2
colfromfreecell club4 heart5 N2 N3
sendtofree-b diamond7 N3 N2 N0 N1
sendtofree club4 heart5 N2 N1
sendtonewcol club8 heart3 N1 N0
colfromfreecell diamond7 club8 N1 N2
colfromfreecell club4 heart5 N2 N3
sendtofree-b club2 N3 N2 N0 N1
newcolfromfreecell diamond8 N1 N0 N2 N3
sendtofree diamond7 club8 N3 N2
colfromfreecell club2 heart3 N2 N3
sendtofree-b club8 N3 N2 N0 N1
sendtofree club4 heart5 N2 N1
sendtofree heart5 club6 N1 N0
homefromfreecell diamond7 diamond N7 diamond6 N6 N0 N1
sendtohome-b diamond8 diamond N8 diamond7 N7 N1 N2
sendtohome-b clubA club N1 club0 N0 N2 N3
sendtohome club2 heart3 club N2 clubA N1
sendtohome heart3 heart8 heart N3 heart2 N2
sendtohome club3 heart4 club N3 club2 N2
sendtohome heart4 club5 heart N4 heart3 N3
sendtofree club5 heart6 N1 N0
homefromfreecell heart5 heart N5 heart4 N4 N0 N1
sendtofree heart6 club7 N1 N0
homefromfreecell heart6 heart N6 heart5 N5 N0 N1
sendtonewcol heart8 heart7 N3 N2
sendtohome-b heart7 heart N7 heart6 N6 N2 N3
homefromfreecell club4 club N4 club3 N3 N1 N2
homefromfreecell club5 club N5 club4 N4 N2 N3
sendtohome-b club6 club N6 club5 N5 N3 N4
sendtohome-b club7 club N7 club6 N6 N4 N5
sendtohome-b heart8 heart N8 heart7 N7 N5 N6
homefromfreecell club8 club N8 club7 N7 N3 N4
