time	nodes	len	fail pr	eval time	
6.537	79	18	0.875	0.054	
393.574	2063	23	0.75	0.086	
620.534	3129	30	0.5	0.114	
795.702	3997	24	0	0.116	
Incomplete Features: 3168
Solution Evaluation Time (s): 0.116
Model Counting Time (s): 0.001
Nodes Expanded: 3998
Total Time (s): 796.017

Plan found
sendtofree heart3 diamond2 N2 N1
sendtofree club2 diamond3 N1 N0
move-b diamond2 spade3 N0 N1
sendtonewcol diamond3 spadeA N1 N0
move spade2 club3 diamond3
move-b spadeA diamond2 N0 N1
sendtonewcol spade2 diamond3 N1 N0
sendtohome spadeA diamond2 spade N1 spade0 N0
move diamond2 spade3 club3
move-b spade2 diamond3 N0 N1
sendtonewcol diamond2 club3 N1 N0
sendtohome spade2 diamond3 spade N2 spadeA N1
move-b diamond2 club3 N0 N1
move diamond2 club3 spade3
sendtohome-b diamond3 diamond N3 diamond0 N0 N1 N2
sendtonewcol diamond2 spade3 N2 N1
sendtohome-b club3 club N3 club0 N0 N1 N2
move-b diamond2 spade3 N2 N3
move clubA diamondA diamond2
newcolfromfreecell heart3 N3 N2 N0 N1
sendtofree clubA diamond2 N1 N0
sendtonewcol diamond2 spade3 N2 N1
sendtohome spade3 heart2 spade N3 spade2 N2
sendtohome-b heart3 heart N3 heart0 N0 N1 N2
