time	nodes	len	fail pr	eval time	
2.943	65	16	0.5	0.014	
30.374	1862	26	0	0.016	
Incomplete Features: 624
Solution Evaluation Time (s): 0.016
Model Counting Time (s): 0.0
Nodes Expanded: 1863
Total Time (s): 30.391

Plan found
move diamondA heartA club2
move spadeA spade2 heart2
move-b heartA spade2 N0 N1
sendtonewcol spadeA heart2 N1 N0
sendtofree diamondA club2 N2 N1
sendtofree heartA spade2 N1 N0
colfromfreecell diamondA spade2 N0 N1
move-b spadeA heart2 N0 N1
colfromfreecell heartA club2 N1 N2
sendtonewcol spadeA heart2 N1 N0
sendtohome heartA club2 heart N1 heart0 N0
sendtofree club2 diamond2 N2 N1
move-b spadeA diamond2 N0 N1
sendtohome spadeA diamond2 spade N1 spade0 N0
sendtohome heart2 clubA heart N2 heartA N1
move-b clubA diamond2 N1 N2
sendtohome clubA diamond2 club N1 club0 N0
sendtofree-b diamond2 N1 N0 N2 N3
newcolfromfreecell club2 N3 N2 N0 N1
sendtohome diamondA spade2 diamond N1 diamond0 N0
sendtofree-b spade2 N1 N0 N2 N3
sendtohome-b club2 club N2 clubA N1 N3 N4
newcolfromfreecell spade2 N4 N3 N0 N1
sendtohome-b spade2 spade N2 spadeA N1 N3 N4
newcolfromfreecell diamond2 N4 N3 N1 N2
sendtohome-b diamond2 diamond N2 diamondA N1 N3 N4
