time	nodes	len	fail pr	eval time	
5.04	62	12	0.9375	0.329	
10.169	232	23	0.875	0.497	
10.913	289	17	0.75	0.662	
12.893	393	24	0.5	0.828	
375.024	15624	20	0	0.83	
Incomplete Features: 9120
Solution Evaluation Time (s): 0.83
Model Counting Time (s): 0.008
Nodes Expanded: 15625
Total Time (s): 375.858

Plan found
sendtofree diamondA heartA N2 N1
move-b heartA club2 N0 N1
sendtonewcol spadeA spade2 N1 N0
sendtohome heartA club2 heart N1 spade0 N0
move-b spadeA heart2 N0 N1
sendtofree club2 diamond2 N1 N0
sendtohome spadeA heart2 spade N1 diamond0 N0
sendtohome heart2 clubA heart N2 heartA N1
move-b clubA diamond2 N1 N2
sendtohome clubA diamond2 club N1 club0 N0
colfromfreecell diamondA spade2 N0 N1
sendtofree-b diamond2 N1 N0 N2 N3
sendtohome diamondA spade2 diamond N1 heart0 N0
newcolfromfreecell club2 N3 N2 N0 N1
sendtofree-b spade2 N1 N0 N2 N3
sendtohome-b club2 club N2 clubA N1 N3 N4
newcolfromfreecell diamond2 N4 N3 N0 N1
sendtohome-b diamond2 diamond N2 diamondA N1 N3 N4
newcolfromfreecell spade2 N4 N3 N1 N2
sendtohome-b spade2 spade N2 spadeA N1 N3 N4
