time	nodes	len	fail pr	eval time	
214.772	1758	81	0	0.009	
Incomplete Features: 10528
Solution Evaluation Time (s): 0.009
Model Counting Time (s): 0.0
Nodes Expanded: 1758
Total Time (s): 218.68

Plan found
sendtofree diamond2 diamondA N4 N3
sendtofree diamondA heart8 N3 N2
homefromfreecell diamondA diamond N1 diamond0 N0 N2 N3
sendtofree heart8 club6 N3 N2
colfromfreecell diamond2 club3 N2 N3
move club6 heart3 heart7
sendtofree-b heart3 N3 N2 N0 N1
colfromfreecell heart3 spade4 N2 N3
sendtofree club7 spade5 N3 N2
sendtofree heart3 spade4 N2 N1
sendtofree spade5 heart6 N1 N0
colfromfreecell heart3 spade4 N0 N1
sendtofree club6 heart7 N1 N0
sendtohome diamond2 club3 diamond N2 diamondA N1
colfromfreecell spade5 heart6 N0 N1
sendtofree diamond7 diamond3 N1 N0
sendtohome diamond3 diamond4 diamond N3 diamond2 N2
sendtohome diamond4 spade3 diamond N4 diamond3 N3
sendtonewcol spade3 clubA N1 N0
sendtohome clubA heart4 club N1 club0 N0
move-b heart4 spade5 N0 N1
move club3 spade6 heart4
colfromfreecell club6 heart7 N0 N1
sendtofree heart3 spade4 N1 N0
sendtonewcol spade4 club2 N1 N0
sendtohome club2 spade2 club N2 clubA N1
sendtohome club3 heart4 club N3 club2 N2
colfromfreecell heart3 spade4 N0 N1
sendtofree spade6 heart5 N1 N0
move heart5 spade7 club6
move spade2 diamond5 heart3
sendtohome diamond5 diamond6 diamond N5 diamond4 N4
sendtohome-b diamond6 diamond N6 diamond5 N5 N0 N1
homefromfreecell diamond7 diamond N7 diamond6 N6 N0 N1
sendtonewcol spade7 spade8 N1 N0
sendtofree heart5 club6 N1 N0
move-b spade3 heart4 N0 N1
sendtonewcol club6 heart7 N1 N0
move heart7 club5 spade8
colfromfreecell spade6 heart7 N0 N1
sendtofree club5 heart2 N1 N0
move heart2 club4 spade3
sendtohome club4 diamond8 club N4 club3 N3
sendtohome-b diamond8 diamond N8 diamond7 N7 N0 N1
homefromfreecell club5 club N5 club4 N4 N0 N1
sendtohome-b club6 club N6 club5 N5 N1 N2
homefromfreecell club7 club N7 club6 N6 N1 N2
sendtonewcol spade6 heart7 N2 N1
sendtonewcol spade2 heart3 N1 N0
sendtofree heart2 spade3 N2 N1
sendtofree heart7 spade8 N1 N0
colfromfreecell heart2 spade3 N0 N1
sendtofree spade8 spadeA N1 N0
move-b spadeA heart2 N0 N1
sendtohome spadeA heart2 spade N1 spade0 N0
move-b spade2 heart3 N1 N2
sendtohome spade2 heart3 spade N2 spadeA N1
sendtonewcol heart2 spade3 N2 N1
sendtohome spade3 heart4 spade N3 spade2 N2
sendtonewcol heart3 spade4 N1 N0
sendtohome-b spade4 spade N4 spade3 N3 N0 N1
sendtonewcol heart4 spade5 N1 N0
sendtohome spade5 heart6 spade N5 spade4 N4
sendtohome-b spade6 spade N6 spade5 N5 N0 N1
sendtohome-b spade7 spade N7 spade6 N6 N1 N2
homefromfreecell spade8 spade N8 spade7 N7 N0 N1
sendtofree-b heart3 N1 N0 N2 N3
sendtonewcol heart6 club8 N3 N2
sendtonewcol club8 heartA N2 N1
sendtohome-b club8 club N8 club7 N7 N1 N2
sendtohome-b heartA heart N1 heart0 N0 N2 N3
sendtohome-b heart2 heart N2 heartA N1 N3 N4
homefromfreecell heart3 heart N3 heart2 N2 N0 N1
newcolfromfreecell heart8 N4 N3 N1 N2
sendtofree-b heart4 N2 N1 N3 N4
homefromfreecell heart4 heart N4 heart3 N3 N1 N2
homefromfreecell heart5 heart N5 heart4 N4 N2 N3
sendtofree-b heart6 N3 N2 N4 N5
homefromfreecell heart6 heart N6 heart5 N5 N2 N3
homefromfreecell heart7 heart N7 heart6 N6 N3 N4
sendtohome-b heart8 heart N8 heart7 N7 N5 N6
