time	nodes	len	fail pr	eval time	
2.88	121	18	0.984375	0.106	
14.742	1710	20	0.96875	0.152	
24.459	3304	26	0.9375	0.194	
29.05	3958	19	0.875	0.23	
113.351	13642	29	0.75	0.266	
140.928	17082	44	0.5	0.304	
Incomplete Features: 4224
Solution Evaluation Time (s): 0.304
Model Counting Time (s): 0.004
Nodes Expanded: 19972
Total Time (s): 173.944

Plan found
sendtohome spadeA spade2 spade N1 spade0 N0
sendtofree diamondA heartA N2 N1
colfromfreecell diamondA club2 N1 N2
move-b heartA spade2 N0 N1
sendtofree heartA spade2 N2 N1
sendtonewcol diamondA club2 N1 N0
colfromfreecell heartA club2 N1 N2
move-b diamondA spade2 N0 N1
sendtohome heartA club2 heart N1 heart0 N0
sendtonewcol diamondA spade2 N1 N0
move-b diamondA club2 N0 N1
sendtofree diamondA club2 N2 N1
colfromfreecell diamondA spade2 N2 N3
sendtohome heart2 clubA heart N2 heartA N1
sendtonewcol club2 diamond2 N1 N0
move-b clubA diamond2 N0 N1
sendtofree clubA diamond2 N3 N2
colfromfreecell clubA diamond2 N1 N2
sendtonewcol clubA diamond2 N1 N0
move diamondA spade2 club2
move-b clubA diamond2 N0 N1
sendtofree diamondA club2 N2 N1
colfromfreecell diamondA club2 N2 N3
sendtofree diamondA club2 N3 N2
sendtonewcol clubA diamond2 N1 N0
colfromfreecell diamondA club2 N2 N3
sendtofree-b spade2 N3 N2 N0 N1
move-b clubA diamond2 N1 N2
sendtonewcol diamondA club2 N2 N1
sendtofree clubA diamond2 N1 N0
move-b diamondA club2 N1 N2
sendtofree diamondA club2 N2 N1
colfromfreecell diamondA club2 N1 N2
sendtonewcol diamondA club2 N2 N1
colfromfreecell clubA diamond2 N2 N3
homefromfreecell spade2 spade N2 spadeA N1 N3 N4
sendtofree clubA diamond2 N4 N3
move-b diamondA club2 N1 N2
homefromfreecell clubA club N1 club0 N0 N3 N4
sendtonewcol diamondA club2 N2 N1
sendtofree-b club2 N4 N3 N1 N2
homefromfreecell club2 club N2 clubA N1 N3 N4
sendtohome-b diamondA diamond N1 diamond0 N0 N2 N3
sendtohome-b diamond2 diamond N2 diamondA N1 N3 N4
