time	nodes	len	fail pr	eval time	
6.026	81	24	0.875	0.036	
32.056	361	58	0.75	0.059	
48.719	558	36	0.5	0.078	
70.725	819	63	0	0.081	
Incomplete Features: 2260
Solution Evaluation Time (s): 0.081
Model Counting Time (s): 0.001
Nodes Expanded: 820
Total Time (s): 70.826

Plan found
sendtofree diamondA spade2 N2 N1
sendtofree spade2 club4 N1 N0
move club3 spade3 diamond4
move diamond2 clubA club3
move clubA heart4 diamond2
colfromfreecell spade2 heart3 N0 N1
move spade3 heart2 heart4
sendtofree spade2 heart3 N1 N0
move clubA diamond2 heart2
move diamond2 club3 spade3
colfromfreecell spade2 heart3 N0 N1
move clubA heart2 diamond2
sendtofree spade2 heart3 N1 N0
sendtohome clubA diamond2 club N1 club0 N0
colfromfreecell spade2 heart3 N0 N1
sendtofree heart2 spade4 N1 N0
colfromfreecell heart2 club3 N0 N1
sendtofree diamond2 spade3 N1 N0
move heart2 club3 spade3
colfromfreecell diamond2 club3 N0 N1
colfromfreecell diamondA spade2 N1 N2
sendtofree diamond2 club3 N2 N1
move heart2 spade3 club3
colfromfreecell diamond2 spade3 N1 N2
sendtohome diamondA spade2 diamond N1 diamond0 N0
sendtofree spade2 heart3 N2 N1
sendtofree diamond2 spade3 N1 N0
move heart2 club3 spade3
move heart3 spadeA club4
move heart2 spade3 club3
move spadeA heartA heart2
sendtohome spadeA heart2 spade N1 spade0 N0
move heart2 club3 spade3
colfromfreecell diamond2 club3 N0 N1
sendtofree heart3 club4 N1 N0
sendtohome diamond2 club3 diamond N2 diamondA N1
move heart2 spade3 club3
colfromfreecell heart3 club4 N0 N1
sendtofree heart2 club3 N1 N0
colfromfreecell spade2 heart3 N0 N1
colfromfreecell heart2 club3 N1 N2
sendtohome spade2 heart3 spade N2 spadeA N1
sendtofree spade3 heart4 N2 N1
sendtofree heart2 club3 N1 N0
homefromfreecell spade3 spade N3 spade2 N2 N0 N1
sendtohome-b spade4 spade N4 spade3 N3 N0 N1
move club3 diamond4 heart4
sendtofree diamond4 diamond3 N1 N0
sendtohome diamond3 club2 diamond N3 diamond2 N2
homefromfreecell diamond4 diamond N4 diamond3 N3 N0 N1
move-b club2 heart3 N1 N2
colfromfreecell heart2 club3 N1 N2
sendtohome-b heartA heart N1 heart0 N0 N2 N3
sendtonewcol club2 heart3 N3 N2
sendtohome heart2 club3 heart N2 heartA N1
sendtohome heart3 club4 heart N3 heart2 N2
sendtofree club3 heart4 N2 N1
sendtofree-b heart4 N1 N0 N2 N3
homefromfreecell heart4 heart N4 heart3 N3 N0 N1
sendtohome-b club2 club N2 clubA N1 N3 N4
sendtofree-b club4 N1 N0 N4 N5
homefromfreecell club3 club N3 club2 N2 N0 N1
homefromfreecell club4 club N4 club3 N3 N1 N2
