time	nodes	len	fail pr	eval time	
2.71	219	16	0.9970703125	0.023	
340.206	97040	24	0.994140625	0.03	
391.664	113580	26	0.98828125	0.037	
Incomplete Features: 852
Solution Evaluation Time (s): 0.037
Model Counting Time (s): 0.002
Nodes Expanded: 135659
Total Time (s): 469.157

Plan found
sendtofree spadeA spade2 N2 N1
sendtofree diamondA heartA N1 N0
move-b heartA spade2 N0 N1
sendtohome heartA spade2 heart N1 heart0 N0
colfromfreecell diamondA spade2 N0 N1
colfromfreecell spadeA heart2 N1 N2
sendtofree diamondA spade2 N2 N1
colfromfreecell diamondA club2 N1 N2
sendtofree spadeA heart2 N2 N1
sendtohome diamondA club2 diamond N1 diamond0 N0
colfromfreecell spadeA heart2 N1 N2
sendtohome heart2 clubA heart N2 heartA N1
sendtofree spadeA heart2 N2 N1
move-b clubA heart2 N1 N2
sendtofree clubA heart2 N1 N0
colfromfreecell spadeA heart2 N0 N1
sendtohome spadeA heart2 spade N1 spade0 N0
colfromfreecell clubA heart2 N1 N2
sendtofree clubA heart2 N2 N1
sendtofree-b spade2 N1 N0 N2 N3
colfromfreecell clubA heart2 N0 N1
sendtohome clubA heart2 club N1 club0 N0
sendtohome club2 diamond2 club N2 clubA N1
sendtohome-b diamond2 diamond N2 diamondA N1 N3 N4
newcolfromfreecell spade2 N4 N3 N1 N2
sendtohome-b spade2 spade N2 spadeA N1 N3 N4
