time	nodes	len	fail pr	eval time	
1.598	48	17	0.9375	0.007	
20.126	6780	29	0.875	0.012	
24.339	8896	18	0.75	0.016	
58.011	22122	26	0.5	0.018	
Incomplete Features: 232
Solution Evaluation Time (s): 0.018
Model Counting Time (s): 0.0
Nodes Expanded: 30737
Total Time (s): 85.906

Plan found
move diamondA heartA club2
move spadeA spade2 heart2
sendtofree spadeA heart2 N2 N1
sendtofree diamondA club2 N1 N0
move-b heartA spade2 N0 N1
move heartA spade2 club2
sendtohome heartA club2 heart N1 heart0 N0
colfromfreecell diamondA spade2 N0 N1
colfromfreecell spadeA heart2 N1 N2
sendtonewcol spadeA heart2 N1 N0
sendtofree club2 diamond2 N2 N1
move-b spadeA heart2 N0 N1
sendtonewcol diamondA spade2 N1 N0
move spadeA heart2 diamond2
move-b diamondA spade2 N0 N1
sendtohome spadeA diamond2 spade N1 spade0 N0
sendtohome heart2 clubA heart N2 heartA N1
move-b clubA diamond2 N1 N2
sendtohome clubA diamond2 club N1 club0 N0
sendtohome diamondA spade2 diamond N1 diamond0 N0
sendtofree-b spade2 N1 N0 N2 N3
sendtohome-b diamond2 diamond N2 diamondA N1 N3 N4
newcolfromfreecell club2 N4 N3 N0 N1
sendtohome-b club2 club N2 clubA N1 N3 N4
newcolfromfreecell spade2 N4 N3 N1 N2
sendtohome-b spade2 spade N2 spadeA N1 N3 N4
