time	nodes	len	fail pr	eval time	
17.775	86	17	0.75	2.208	
393.555	1548	23	0.5	4.363	
782.796	2905	18	0	4.365	
Incomplete Features: 33056
Solution Evaluation Time (s): 4.365
Model Counting Time (s): 0.027
Nodes Expanded: 2906
Total Time (s): 787.404

Plan found
move club2 diamond3 heart3
sendtohome clubA diamondA club N1 club0 N0
sendtohome club2 heart3 club N2 clubA N1
move-b diamondA spade2 N0 N1
sendtonewcol heart3 diamond2 N1 N0
move-b diamond2 spade3 N0 N1
sendtonewcol diamond3 spadeA N1 N0
sendtohome diamondA spade2 diamond N1 diamond0 N0
sendtohome diamond2 spade3 diamond N2 diamondA N1
move spade2 club3 heart3
sendtohome-b diamond3 diamond N3 diamond2 N2 N0 N1
sendtonewcol spade3 heart2 N1 N0
move-b spadeA heart2 N0 N1
sendtonewcol spade2 heart3 N1 N0
sendtohome-b club3 club N3 club2 N2 N0 N1
sendtohome-b spade3 spade N3 spade0 N0 N1 N2
sendtonewcol spadeA heart2 N2 N1
sendtohome-b heart3 heart N3 heart0 N0 N1 N2
