time	nodes	len	fail pr	eval time	
4.979	80	16	0.875	0.337	
103.79	2593	18	0.75	0.521	
Incomplete Features: 9584
Solution Evaluation Time (s): 0.521
Model Counting Time (s): 0.006
Nodes Expanded: 15805
Total Time (s): 767.717

Plan found
sendtofree club2 diamond2 N2 N1
sendtohome diamondA heartA diamond N1 diamond0 N0
move spadeA spade2 diamond2
sendtofree spadeA diamond2 N1 N0
colfromfreecell spadeA heart2 N0 N1
move-b heartA spade2 N0 N1
move spadeA heart2 diamond2
sendtohome heartA spade2 heart N1 heart0 N0
sendtohome spadeA diamond2 spade N1 spade0 N0
sendtohome heart2 clubA heart N2 heartA N1
move-b clubA diamond2 N1 N2
sendtofree clubA diamond2 N1 N0
newcolfromfreecell clubA N2 N1 N0 N3
homefromfreecell club2 club N2 spadeA N1 N3 N4
sendtofree-b spade2 N4 N3 N1 N2
sendtohome-b clubA club N1 club0 N0 N2 N3
sendtohome-b diamond2 diamond N2 diamondA N1 N3 N4
homefromfreecell spade2 spade N2 clubA N1 N3 N4
