time	nodes	len	fail pr	eval time	
18.512	230	45	0	0.006	
Incomplete Features: 1632
Solution Evaluation Time (s): 0.006
Model Counting Time (s): 0.0
Nodes Expanded: 230
Total Time (s): 21.144

Plan found
sendtohome clubA club3 club N1 club0 N0
sendtohome spadeA club6 spade N1 spade0 N0
move heart2 club7 club3
sendtofree club7 heart4 N3 N2
sendtofree club5 spade5 N2 N1
move diamond4 club4 spade5
sendtofree heart4 heartA N1 N0
sendtohome heartA spade2 heart N1 heart0 N0
move diamond5 diamond3 club6
sendtohome heart2 club3 heart N2 heartA N1
move-b spade2 diamond3 N0 N1
sendtonewcol diamond5 club6 N1 N0
sendtohome spade2 diamond3 spade N2 spadeA N1
move diamond3 club2 club4
sendtohome club2 heart3 club N2 clubA N1
sendtohome heart3 spade3 heart N3 heart2 N2
sendtohome-b spade3 spade N3 spade2 N2 N0 N1
sendtonewcol club6 heart7 N1 N0
homefromfreecell heart4 heart N4 heart3 N3 N0 N1
sendtohome club3 diamond6 club N3 club2 N2
sendtofree diamond6 heart5 N1 N0
move heart5 spade4 club6
sendtohome heart5 club6 heart N5 heart4 N4
sendtohome-b spade4 spade N4 spade3 N3 N0 N1
sendtonewcol diamond4 spade5 N1 N0
sendtohome spade5 diamondA spade N5 spade4 N4
sendtohome diamondA spade6 diamond N1 diamond0 N0
sendtohome-b spade6 spade N6 spade5 N5 N0 N1
sendtonewcol heart7 spade7 N1 N0
sendtohome-b spade7 spade N7 spade6 N6 N0 N1
sendtonewcol diamond3 club4 N1 N0
move club4 diamond2 diamond5
sendtohome diamond2 heart6 diamond N2 diamondA N1
sendtohome club4 diamond5 club N4 club3 N3
sendtohome heart6 diamond7 heart N6 heart5 N5
sendtohome-b diamond3 diamond N3 diamond2 N2 N0 N1
sendtohome-b diamond4 diamond N4 diamond3 N3 N1 N2
sendtohome-b diamond5 diamond N5 diamond4 N4 N2 N3
homefromfreecell diamond6 diamond N6 diamond5 N5 N0 N1
homefromfreecell club5 club N5 club4 N4 N1 N2
sendtohome-b club6 club N6 club5 N5 N3 N4
homefromfreecell club7 club N7 club6 N6 N2 N3
sendtohome-b diamond7 diamond N7 diamond6 N6 N4 N5
sendtofree-b heart7 N3 N2 N5 N6
homefromfreecell heart7 heart N7 heart6 N6 N2 N3
