time	nodes	len	fail pr	eval time	
4.278	73	20	0.96875	0.157	
15.536	780	69	0.9375	0.276	
18.322	1030	45	0.875	0.403	
21.215	1183	42	0.75	0.511	
32.042	1925	84	0.71875	0.621	
34.311	2112	40	0.4375	0.729	
Incomplete Features: 7352
Solution Evaluation Time (s): 0.729
Model Counting Time (s): 0.004
Nodes Expanded: 2115
Total Time (s): 35.118

Plan found
sendtofree heart3 diamond2 N2 N1
sendtofree spade3 heart2 N1 N0
sendtohome clubA diamondA club N1 club0 N0
move-b diamondA club2 N0 N1
sendtonewcol spade2 club3 N1 N0
move-b diamond2 club3 N0 N1
sendtonewcol diamondA club2 N1 N0
sendtohome club2 diamond3 club N2 clubA N1
move-b spade2 diamond3 N0 N1
sendtonewcol heart2 heartA N1 N0
move-b heartA spade2 N0 N1
sendtohome heartA spade2 heart N1 heart0 N0
sendtonewcol spade2 diamond3 N1 N0
move-b diamondA spade2 N0 N1
sendtonewcol diamond3 spadeA N1 N0
sendtohome diamondA spade2 diamond N1 diamond0 N0
move-b spadeA diamond2 N0 N1
move spadeA diamond2 heart2
sendtohome spadeA heart2 spade N1 spade0 N0
sendtohome diamond2 club3 diamond N2 diamondA N1
move-b heart2 club3 N1 N2
sendtohome heart2 club3 heart N2 heartA N1
homefromfreecell heart3 heart N3 heart2 N2 N0 N1
sendtofree-b club3 N1 N0 N2 N3
newcolfromfreecell spade3 N3 N2 N0 N1
move-b spade2 diamond3 N2 N3
sendtofree spade2 diamond3 N1 N0
homefromfreecell club3 club N3 club2 N2 N0 N1
sendtofree-b diamond3 N1 N0 N3 N4
newcolfromfreecell spade2 N4 N3 N0 N1
sendtofree-b spade2 N1 N0 N3 N4
newcolfromfreecell diamond3 N4 N3 N0 N1
colfromfreecell spade2 diamond3 N1 N2
sendtofree-b spade3 N2 N1 N3 N4
sendtofree spade2 diamond3 N1 N0
sendtohome-b diamond3 diamond N3 diamond2 N2 N4 N5
newcolfromfreecell spade2 N5 N4 N0 N1
sendtohome-b spade2 spade N2 spadeA N1 N4 N5
newcolfromfreecell spade3 N5 N4 N1 N2
sendtohome-b spade3 spade N3 spade2 N2 N4 N5
