time	nodes	len	fail pr	eval time	
5.631	31	10	0.9375	0.581	
23.388	331	39	0.90625	1.013	
31.102	478	40	0.8125	1.444	
201.275	3843	43	0.625	1.873	
207.336	3962	18	0	1.874	
Incomplete Features: 14800
Solution Evaluation Time (s): 1.874
Model Counting Time (s): 0.031
Nodes Expanded: 3963
Total Time (s): 209.215

Plan found
sendtofree diamondA heartA N2 N1
sendtofree club2 diamond2 N1 N0
sendtohome spadeA spade2 spade N1 spade0 N0
move-b heartA spade2 N0 N1
sendtohome heartA spade2 heart N1 heart0 N0
colfromfreecell diamondA spade2 N0 N1
sendtohome diamondA spade2 diamond N1 diamond0 N0
sendtohome heart2 clubA heart N2 heartA N1
move-b clubA diamond2 N1 N2
sendtohome clubA diamond2 club N1 club0 N0
sendtofree-b spade2 N1 N0 N2 N3
newcolfromfreecell club2 N3 N2 N0 N1
sendtofree-b diamond2 N1 N0 N2 N3
sendtohome-b club2 club N2 clubA N1 N3 N4
newcolfromfreecell diamond2 N4 N3 N0 N1
sendtohome-b diamond2 diamond N2 diamondA N1 N3 N4
newcolfromfreecell spade2 N4 N3 N1 N2
sendtohome-b spade2 spade N2 spadeA N1 N3 N4
