time	nodes	len	fail pr	eval time	
27.153	55	16	0.5	4.84	
93.132	219	30	0	4.843	
Incomplete Features: 49344
Solution Evaluation Time (s): 4.843
Model Counting Time (s): 0.013
Nodes Expanded: 220
Total Time (s): 97.998

Plan found
sendtofree heart3 diamond2 N2 N1
sendtofree club2 diamond3 N1 N0
move clubA diamondA diamond2
move-b diamondA spade2 N0 N1
sendtohome clubA diamond2 club N1 club0 N0
sendtonewcol spade3 heart2 N1 N0
move heart2 heartA spade3
sendtohome diamondA spade2 diamond N1 diamond0 N0
move-b heartA spade2 N0 N1
sendtonewcol diamond3 spadeA N1 N0
sendtohome heartA spade2 heart N1 heart0 N0
move-b spadeA diamond2 N0 N1
sendtohome heart2 spade3 heart N2 heartA N1
sendtohome spadeA diamond2 spade N1 spade0 N0
sendtohome spade2 club3 spade N2 spadeA N1
colfromfreecell club2 diamond3 N0 N1
sendtofree club2 diamond3 N1 N0
move-b diamond2 club3 N1 N2
sendtohome diamond2 club3 diamond N2 diamondA N1
homefromfreecell heart3 heart N3 heart2 N2 N0 N1
sendtofree-b spade3 N1 N0 N2 N3
newcolfromfreecell club2 N3 N2 N0 N1
sendtofree-b diamond3 N1 N0 N2 N3
homefromfreecell spade3 spade N3 spade2 N2 N0 N1
sendtofree-b club3 N1 N0 N3 N4
sendtohome-b club2 club N2 clubA N1 N4 N5
newcolfromfreecell club3 N5 N4 N0 N1
sendtohome-b club3 club N3 club2 N2 N4 N5
newcolfromfreecell diamond3 N5 N4 N1 N2
sendtohome-b diamond3 diamond N3 diamond2 N2 N4 N5
