time	nodes	len	fail pr	eval time	
2.977	69	22	0	0.003	
Incomplete Features: 252
Solution Evaluation Time (s): 0.003
Model Counting Time (s): 0.0
Nodes Expanded: 69
Total Time (s): 3.096

Plan found
sendtofree heart3 diamond2 N2 N1
sendtofree club2 diamond3 N1 N0
sendtohome clubA diamondA club N1 club0 N0
move-b diamondA spade2 N0 N1
sendtonewcol spade3 heart2 N1 N0
sendtohome diamondA spade2 diamond N1 diamond0 N0
move-b diamond2 spade3 N0 N1
sendtohome diamond2 spade3 diamond N2 diamondA N1
sendtohome diamond3 spadeA diamond N3 diamond2 N2
move heart2 heartA spade3
move-b heartA spade2 N1 N2
sendtohome-b spadeA spade N1 spade0 N0 N2 N3
newcolfromfreecell club2 N3 N2 N0 N1
sendtohome heartA spade2 heart N1 heart0 N0
sendtohome spade2 club3 spade N2 spadeA N1
sendtofree-b club3 N1 N0 N2 N3
sendtohome heart2 spade3 heart N2 heartA N1
sendtohome-b club2 club N2 clubA N1 N3 N4
sendtohome-b spade3 spade N3 spade2 N2 N4 N5
homefromfreecell club3 club N3 club2 N2 N0 N1
newcolfromfreecell heart3 N5 N4 N1 N2
sendtohome-b heart3 heart N3 heart2 N2 N4 N5
