time	nodes	len	fail pr	eval time	
5.099	41	12	0	0.002	
Incomplete Features: 11280
Solution Evaluation Time (s): 0.002
Model Counting Time (s): 0.0
Nodes Expanded: 41
Total Time (s): 5.792

Plan found
sendtohome spadeA spade2 spade N1 spade0 N0
sendtofree club2 diamond2 N2 N1
sendtofree heart2 clubA N1 N0
move-b clubA diamond2 N0 N1
sendtohome clubA diamond2 club N1 club0 N0
homefromfreecell club2 club N2 clubA N1 N0 N4
sendtofree-b diamond2 N4 N3 N1 N2
homefromfreecell heart2 heart N1 heart0 N0 N3 N2
homefromfreecell diamond2 diamond N1 diamond0 N0 N2 N4
sendtonewcol diamondA heartA N2 N1
sendtofree-b spade2 N4 N3 N1 N2
homefromfreecell spade2 spade N2 spadeA N1 N3 N0
