time	nodes	len	fail pr	eval time	
2.332	170	16	0.99609375	0.021	
156.953	54500	18	0.9921875	0.027	
220.672	79734	26	0.984375	0.033	
242.026	89265	17	0.96875	0.039	
510.276	174911	20	0.9375	0.045	
Incomplete Features: 856
Solution Evaluation Time (s): 0.045
Model Counting Time (s): 0.002
Nodes Expanded: 186496
Total Time (s): 549.787

Plan found
sendtofree spadeA spade2 N2 N1
sendtofree diamondA heartA N1 N0
colfromfreecell diamondA spade2 N0 N1
colfromfreecell spadeA heart2 N1 N2
sendtohome spadeA heart2 spade N1 spade0 N0
sendtohome diamondA spade2 diamond N1 diamond0 N0
move-b heartA spade2 N0 N1
sendtofree heartA spade2 N2 N1
colfromfreecell heartA club2 N1 N2
sendtohome heartA club2 heart N1 heart0 N0
sendtohome heart2 clubA heart N2 heartA N1
move-b clubA heart2 N1 N2
sendtofree clubA heart2 N2 N1
sendtofree-b spade2 N1 N0 N2 N3
colfromfreecell clubA heart2 N0 N1
sendtohome clubA heart2 club N1 club0 N0
sendtohome club2 diamond2 club N2 clubA N1
sendtohome-b diamond2 diamond N2 diamondA N1 N3 N4
newcolfromfreecell spade2 N4 N3 N1 N2
sendtohome-b spade2 spade N2 spadeA N1 N3 N4
