time	nodes	len	fail pr	eval time	
2.994	349	19	0.998046875	0.036	
80.712	21128	20	0.99609375	0.046	
81.37	21382	18	0.9921875	0.055	
Incomplete Features: 1276
Solution Evaluation Time (s): 0.055
Model Counting Time (s): 0.002
Nodes Expanded: 60817
Total Time (s): 236.498

Plan found
sendtofree club2 diamond2 N2 N1
sendtofree diamondA heartA N1 N0
sendtohome spadeA spade2 spade N1 spade0 N0
move-b heartA spade2 N0 N1
sendtohome heartA spade2 heart N1 heart0 N0
colfromfreecell diamondA spade2 N0 N1
sendtohome heart2 clubA heart N2 heartA N1
move-b clubA diamond2 N1 N2
sendtofree clubA diamond2 N1 N0
colfromfreecell clubA diamond2 N0 N1
sendtohome clubA diamond2 club N1 club0 N0
sendtohome diamondA spade2 diamond N1 diamond0 N0
sendtofree-b diamond2 N1 N0 N2 N3
sendtohome-b spade2 spade N2 spadeA N1 N3 N4
newcolfromfreecell club2 N4 N3 N0 N1
sendtohome-b club2 club N2 clubA N1 N3 N4
newcolfromfreecell diamond2 N4 N3 N1 N2
sendtohome-b diamond2 diamond N2 diamondA N1 N3 N4
