time	nodes	len	fail pr	eval time	
13.153	157	42	0.5	0.06	
142.006	755	108	0	0.068	
Incomplete Features: 3576
Solution Evaluation Time (s): 0.068
Model Counting Time (s): 0.001
Nodes Expanded: 756
Total Time (s): 142.078

Plan found
sendtohome clubA club3 club N1 club0 N0
sendtofree club3 diamond6 N3 N2
sendtofree diamond5 diamond3 N2 N1
sendtofree club5 spade5 N1 N0
move spade5 diamondA diamond6
move diamond4 club4 spade5
move spadeA club6 heart2
sendtohome spadeA heart2 spade N1 spade0 N0
colfromfreecell club3 diamond4 N0 N1
sendtohome diamondA spade6 diamond N1 diamond0 N0
sendtofree club6 heart7 N1 N0
move-b spade6 heart7 N0 N1
sendtonewcol diamond3 club2 N1 N0
move club2 heart3 diamond3
colfromfreecell diamond5 spade6 N0 N1
sendtofree heart3 spade3 N1 N0
colfromfreecell heart3 club4 N0 N1
move heart2 club7 spade3
sendtofree club7 heart4 N1 N0
move heart2 spade3 club3
move club2 diamond3 heart3
move-b spade3 heart4 N0 N1
move heart2 club3 spade3
sendtonewcol heart2 spade3 N1 N0
move-b heart2 club3 N0 N1
sendtohome club2 heart3 club N2 clubA N1
sendtonewcol heart2 club3 N1 N0
sendtohome club3 diamond4 club N3 club2 N2
move-b heart2 spade3 N0 N1
sendtonewcol heart3 club4 N1 N0
sendtohome club4 diamond2 club N4 club3 N3
homefromfreecell club5 club N5 club4 N4 N0 N1
sendtofree diamond5 spade6 N1 N0
homefromfreecell club6 club N6 club5 N5 N0 N1
colfromfreecell diamond5 spade6 N1 N2
sendtofree heart2 spade3 N2 N1
move diamond2 heart6 spade3
sendtofree heart6 diamond7 N1 N0
sendtohome diamond2 spade3 diamond N2 diamondA N1
move spade3 heart4 diamond4
move spade3 diamond4 heart4
sendtohome-b diamond3 diamond N3 diamond2 N2 N0 N1
sendtonewcol diamond5 spade6 N1 N0
sendtohome diamond4 spade5 diamond N4 diamond3 N3
move spade6 heart7 diamond7
sendtohome-b diamond5 diamond N5 diamond4 N4 N0 N1
sendtonewcol heart7 spade7 N1 N0
colfromfreecell heart6 spade7 N0 N1
sendtofree spade6 diamond7 N1 N0
move spade5 diamond6 heart6
colfromfreecell spade6 heart7 N0 N1
sendtofree diamond6 heart5 N1 N0
move spade6 heart7 diamond7
homefromfreecell diamond6 diamond N6 diamond5 N5 N0 N1
sendtofree spade6 diamond7 N1 N0
sendtohome-b diamond7 diamond N7 diamond6 N6 N0 N1
colfromfreecell spade6 heart7 N0 N1
sendtonewcol spade5 heart6 N1 N0
move heart5 spade4 spade6
move-b spade5 heart6 N0 N1
move-b spade4 heart5 N1 N2
sendtonewcol spade5 heart6 N2 N1
colfromfreecell heart2 spade3 N1 N2
sendtonewcol spade4 heart5 N1 N0
move-b spade5 heart6 N0 N1
sendtonewcol heart2 spade3 N1 N0
sendtofree spade5 heart6 N2 N1
sendtofree spade3 heart4 N1 N0
move-b heart3 spade4 N0 N1
sendtonewcol heart4 heartA N1 N0
sendtohome heartA spade2 heart N1 heart0 N0
colfromfreecell spade3 heart4 N0 N1
move-b spade2 heart3 N0 N1
move-b heart2 spade3 N1 N2
sendtonewcol spade2 heart3 N2 N1
sendtofree heart2 spade3 N1 N0
move-b spade2 heart3 N1 N2
sendtonewcol spade3 heart4 N2 N1
sendtohome spade2 heart3 spade N2 spadeA N1
sendtonewcol heart5 spade6 N1 N0
colfromfreecell heart2 spade3 N0 N1
move-b heart5 spade6 N0 N1
sendtonewcol heart2 spade3 N1 N0
sendtofree heart3 spade4 N1 N0
sendtohome-b spade3 spade N3 spade2 N2 N0 N1
sendtonewcol heart5 spade6 N1 N0
sendtohome-b spade4 spade N4 spade3 N3 N0 N1
homefromfreecell spade5 spade N5 spade4 N4 N0 N1
sendtofree spade6 heart7 N1 N0
homefromfreecell club7 club N7 club6 N6 N0 N1
colfromfreecell spade6 heart7 N1 N2
sendtofree heart6 spade7 N2 N1
sendtonewcol spade6 heart7 N1 N0
move-b heart5 spade6 N0 N1
sendtofree heart5 spade6 N1 N0
colfromfreecell heart6 spade7 N0 N1
move-b spade6 heart7 N1 N2
sendtofree-b heart4 N1 N0 N2 N3
sendtohome-b heart2 heart N2 heartA N1 N3 N4
homefromfreecell heart3 heart N3 heart2 N2 N0 N1
sendtohome spade6 heart7 spade N6 spade5 N5
homefromfreecell heart4 heart N4 heart3 N3 N1 N2
sendtofree heart6 spade7 N2 N1
homefromfreecell heart5 heart N5 heart4 N4 N1 N2
homefromfreecell heart6 heart N6 heart5 N5 N2 N3
sendtohome-b heart7 heart N7 heart6 N6 N4 N5
sendtofree-b spade7 N3 N2 N5 N6
homefromfreecell spade7 spade N7 spade6 N6 N2 N3
