time	nodes	len	fail pr	eval time	
2.643	101	17	0.75	0.022	
6.294	334	24	0	0.024	
Incomplete Features: 920
Solution Evaluation Time (s): 0.024
Model Counting Time (s): 0.0
Nodes Expanded: 335
Total Time (s): 6.319

Plan found
sendtofree club2 diamond2 N2 N1
move spadeA spade2 heart2
move spadeA heart2 diamond2
sendtofree diamondA heartA N1 N0
move spadeA diamond2 heart2
move-b heartA spade2 N0 N1
move spadeA heart2 diamond2
sendtohome spadeA diamond2 spade N1 spade0 N0
sendtohome heartA spade2 heart N1 heart0 N0
colfromfreecell diamondA spade2 N0 N1
sendtohome heart2 clubA heart N2 heartA N1
sendtonewcol diamondA spade2 N1 N0
move-b clubA diamond2 N0 N1
sendtofree clubA diamond2 N1 N0
move-b diamondA spade2 N1 N2
sendtohome diamondA spade2 diamond N1 diamond0 N0
colfromfreecell clubA diamond2 N0 N1
sendtohome clubA diamond2 club N1 club0 N0
sendtofree-b spade2 N1 N0 N2 N3
sendtohome-b diamond2 diamond N2 diamondA N1 N3 N4
newcolfromfreecell club2 N4 N3 N0 N1
sendtohome-b club2 club N2 clubA N1 N3 N4
newcolfromfreecell spade2 N4 N3 N1 N2
sendtohome-b spade2 spade N2 spadeA N1 N3 N4
