time	nodes	len	fail pr	eval time	
6.502	58	15	0.75	0.64	
19.289	357	33	0	0.644	
Incomplete Features: 16200
Solution Evaluation Time (s): 0.644
Model Counting Time (s): 0.009
Nodes Expanded: 358
Total Time (s): 19.94

Plan found
sendtohome spadeA spade2 spade N1 spade0 N0
sendtofree-b spade2 N2 N1 N0 N3
sendtofree diamondA heartA N1 N0
colfromfreecell diamondA club2 N0 N1
sendtofree-b heartA N1 N0 N3 N4
newcolfromfreecell spade2 N4 N3 N0 N1
colfromfreecell heartA spade2 N1 N2
sendtonewcol heart2 clubA N3 N2
sendtonewcol heartA spade2 N2 N1
sendtonewcol diamondA club2 N1 N0
move-b clubA heart2 N0 N1
move-b diamondA spade2 N1 N2
sendtonewcol clubA heart2 N2 N1
move-b heartA club2 N1 N2
move-b clubA heart2 N2 N3
sendtonewcol diamondA spade2 N3 N2
sendtonewcol clubA heart2 N2 N1
sendtohome heartA club2 heart N1 heart0 N0
move-b diamondA spade2 N1 N2
move-b clubA heart2 N2 N3
sendtohome diamondA spade2 diamond N1 diamond0 N0
sendtofree-b spade2 N2 N1 N3 N4
sendtohome clubA heart2 club N1 club0 N0
sendtonewcol club2 diamond2 N4 N3
sendtohome-b heart2 heart N2 heartA N1 N3 N4
sendtofree-b diamond2 N1 N0 N4 N3
newcolfromfreecell diamond2 N3 N2 N0 N1
sendtofree-b club2 N1 N0 N2 N3
sendtohome-b diamond2 diamond N2 diamondA N1 N3 N4
newcolfromfreecell club2 N4 N3 N0 N1
sendtohome-b club2 club N2 clubA N1 N3 N4
newcolfromfreecell spade2 N4 N3 N1 N2
sendtohome-b spade2 spade N2 spadeA N1 N3 N4
