time	nodes	len	fail pr	eval time	
4.324	131	29	0.75	0.015	
9.132	347	42	0.5	0.021	
9.575	406	39	0	0.024	
Incomplete Features: 396
Solution Evaluation Time (s): 0.024
Model Counting Time (s): 0.0
Nodes Expanded: 407
Total Time (s): 9.606

Plan found
sendtofree heart3 spadeA N2 N1
sendtohome spadeA heartA spade N1 spade0 N0
sendtofree diamond4 diamond3 N1 N0
move diamond2 clubA club3
sendtohome clubA heart4 club N1 club0 N0
sendtohome diamondA spade2 diamond N1 diamond0 N0
sendtohome spade2 club4 spade N2 spadeA N1
move diamond3 club2 club4
move-b heartA club2 N0 N1
sendtohome heartA club2 heart N1 heart0 N0
sendtohome diamond2 club3 diamond N2 diamondA N1
sendtonewcol club3 spade3 N1 N0
move-b club3 heart4 N0 N1
sendtohome diamond3 club4 diamond N3 diamond2 N2
sendtonewcol spade3 heart2 N1 N0
sendtohome heart2 spade4 heart N2 heartA N1
colfromfreecell heart3 club4 N0 N1
sendtohome-b spade3 spade N3 spade2 N2 N0 N1
sendtonewcol club3 heart4 N1 N0
move-b club2 heart3 N0 N1
sendtofree club2 heart3 N1 N0
sendtohome-b spade4 spade N4 spade3 N3 N1 N2
move-b club3 heart4 N2 N3
homefromfreecell diamond4 diamond N4 diamond3 N3 N0 N1
sendtofree heart3 club4 N1 N0
newcolfromfreecell club2 N3 N2 N0 N1
sendtofree-b club4 N1 N0 N2 N3
newcolfromfreecell heart3 N3 N2 N0 N1
move-b club2 heart3 N2 N3
sendtohome club2 heart3 club N2 clubA N1
sendtonewcol club3 heart4 N3 N2
sendtofree-b heart4 N1 N0 N2 N3
newcolfromfreecell club4 N3 N2 N0 N1
sendtofree-b heart3 N1 N0 N2 N3
homefromfreecell heart3 heart N3 heart2 N2 N0 N1
sendtofree-b club4 N1 N0 N3 N4
sendtohome-b club3 club N3 club2 N2 N4 N5
homefromfreecell club4 club N4 club3 N3 N0 N1
homefromfreecell heart4 heart N4 heart3 N3 N1 N2
