time	nodes	len	fail pr	eval time	
8.915	91	25	0	0.004	
Incomplete Features: 7920
Solution Evaluation Time (s): 0.004
Model Counting Time (s): 0.0
Nodes Expanded: 91
Total Time (s): 10.508

Plan found
sendtohome diamondA spade2 diamond N1 diamond0 N0
sendtofree club3 spade3 N2 N1
sendtofree heart3 spadeA N1 N0
sendtohome spadeA heartA spade N1 spade0 N0
sendtohome spade2 club4 spade N2 spadeA N1
move spade3 heart2 diamond4
sendtohome diamond2 clubA diamond N2 diamondA N1
move clubA heart4 heart2
sendtohome clubA heart2 club N1 club0 N0
sendtohome spade3 diamond4 spade N3 spade2 N2
colfromfreecell heart3 club4 N0 N1
sendtofree diamond4 diamond3 N1 N0
sendtohome diamond3 club2 diamond N3 diamond2 N2
homefromfreecell diamond4 diamond N4 diamond3 N3 N0 N1
move-b heartA club2 N0 N1
sendtohome heartA club2 heart N1 heart0 N0
sendtohome heart2 spade4 heart N2 heartA N1
sendtohome heart3 club4 heart N3 heart2 N2
sendtohome-b spade4 spade N4 spade3 N3 N1 N2
sendtofree-b heart4 N1 N0 N2 N3
homefromfreecell heart4 heart N4 heart3 N3 N0 N1
sendtofree-b club4 N1 N0 N3 N4
sendtohome-b club2 club N2 clubA N1 N4 N5
homefromfreecell club3 club N3 club2 N2 N0 N1
homefromfreecell club4 club N4 club3 N3 N1 N2
