time	nodes	len	fail pr	eval time	
2.964	71	16	0.99609375	0.182	
58.892	6082	18	0.9921875	0.248	
Incomplete Features: 5248
Solution Evaluation Time (s): 0.248
Model Counting Time (s): 0.003
Nodes Expanded: 52357
Total Time (s): 552.222

Plan found
sendtohome spadeA spade2 spade N1 spade0 N0
sendtofree club2 diamond2 N2 N1
sendtohome diamondA heartA diamond N1 diamond0 N0
move-b heartA spade2 N0 N1
sendtonewcol heartA spade2 N1 N0
move-b heartA spade2 N0 N1
sendtohome heartA spade2 heart N1 heart0 N0
sendtohome heart2 clubA heart N2 heartA N1
move-b clubA diamond2 N1 N2
sendtonewcol clubA diamond2 N2 N1
move-b clubA diamond2 N1 N2
sendtohome clubA diamond2 club N1 club0 N0
sendtofree-b diamond2 N1 N0 N2 N3
sendtohome-b spade2 spade N2 spadeA N1 N3 N4
newcolfromfreecell diamond2 N4 N3 N0 N1
sendtohome-b diamond2 diamond N2 diamondA N1 N3 N4
newcolfromfreecell club2 N4 N3 N1 N2
sendtohome-b club2 club N2 clubA N1 N3 N4
