time	nodes	len	fail pr	eval time	
3.351	20	7	0.5	0.466	
10.897	488	20	0	0.468	
Incomplete Features: 7712
Solution Evaluation Time (s): 0.468
Model Counting Time (s): 0.004
Nodes Expanded: 489
Total Time (s): 11.373

Plan found
sendtohome clubA diamondA club N1 club0 N0
sendtofree spade2 club3 N2 N1
sendtofree spade3 heart2 N1 N0
colfromfreecell spade2 heart3 N0 N1
sendtohome club2 diamond3 club N2 clubA N1
sendtohome spade2 heart3 spade N2 spade0 N1
sendtofree diamond3 spadeA N1 N0
sendtohome-b club3 club N3 club2 N2 N0 N1
homefromfreecell spade3 spade N3 spade2 N2 N0 N1
sendtofree heart2 heartA N1 N0
sendtohome heart3 diamond2 heart N3 heart0 N2
move-b spadeA diamond2 N1 N2
sendtohome-b diamondA diamond N1 diamond0 N0 N2 N3
newcolfromfreecell diamond3 N3 N2 N0 N1
sendtofree-b heartA N1 N0 N2 N3
newcolfromfreecell heart2 N3 N2 N0 N1
sendtofree-b diamond3 N1 N0 N2 N3
move spadeA diamond2 heart2
sendtohome-b diamond2 diamond N2 diamondA N1 N3 N4
homefromfreecell diamond3 diamond N3 diamond2 N2 N0 N1
