time	nodes	len	fail pr	eval time	
68.763	3678	60	0	0.008	
Incomplete Features: 1280
Solution Evaluation Time (s): 0.008
Model Counting Time (s): 0.0
Nodes Expanded: 3678
Total Time (s): 70.535

Plan found
sendtohome spadeA heart4 spade N1 spade0 N0
sendtofree spade5 club2 N3 N2
sendtofree heart6 heart2 N2 N1
move club2 spade2 diamond3
sendtohome spade2 club5 spade N2 spadeA N1
sendtohome spade3 spade6 spade N3 spade2 N2
move heart4 spade4 club5
sendtofree club2 diamond3 N1 N0
move diamond3 diamond5 spade4
colfromfreecell club2 diamond3 N0 N1
sendtofree heart4 club5 N1 N0
homefromfreecell heart4 heart N4 spade3 N3 N0 N1
sendtofree diamond5 club6 N1 N0
homefromfreecell diamond5 diamond N5 heart4 N4 N0 N1
sendtofree spade6 heart5 N1 N0
homefromfreecell spade6 spade N6 diamond5 N5 N0 N1
sendtofree heart2 heartA N1 N0
sendtohome heartA club4 heart N1 heart0 N0
move heart5 club3 club6
colfromfreecell heart2 club3 N0 N1
sendtohome heart2 club3 heart N2 heartA N1
sendtofree club3 diamond2 N1 N0
homefromfreecell club3 club N3 heart2 N2 N0 N1
sendtohome club4 diamondA club N4 club3 N3
sendtohome-b club5 club N5 club4 N4 N0 N1
sendtonewcol heart5 club6 N1 N0
move-b diamondA club2 N0 N1
sendtofree diamondA club2 N1 N0
sendtonewcol club2 diamond3 N1 N0
colfromfreecell diamondA club2 N0 N1
sendtofree diamond3 spade4 N1 N0
move spade4 clubA heart5
colfromfreecell diamond3 spade4 N0 N1
sendtofree diamondA club2 N1 N0
move clubA diamond4 diamond2
move-b club2 diamond3 N0 N1
colfromfreecell diamondA club2 N0 N1
sendtofree clubA diamond2 N1 N0
sendtonewcol club6 diamond6 N1 N0
sendtohome diamondA club2 diamond N1 diamond0 N0
colfromfreecell clubA diamond2 N0 N1
sendtohome clubA diamond2 club N1 club0 N0
sendtohome club2 diamond3 club N2 clubA N1
sendtofree diamond3 spade4 N1 N0
homefromfreecell diamond3 diamond N3 club2 N2 N0 N1
sendtofree diamond6 heart3 N1 N0
sendtohome-b diamond4 diamond N4 diamond3 N3 N0 N1
homefromfreecell spade5 spade N5 diamond4 N4 N0 N1
homefromfreecell diamond6 diamond N6 spade5 N5 N1 N2
move-b heart3 spade4 N1 N2
sendtofree heart3 spade4 N2 N1
sendtofree-b club6 N1 N0 N2 N3
sendtohome-b diamond2 diamond N2 diamondA N1 N3 N4
homefromfreecell heart3 heart N3 diamond2 N2 N0 N1
sendtofree spade4 heart5 N1 N0
homefromfreecell spade4 spade N4 heart3 N3 N0 N1
homefromfreecell heart6 heart N6 club5 N5 N1 N2
sendtofree-b heart5 N2 N1 N4 N5
homefromfreecell heart5 heart N5 spade4 N4 N1 N2
homefromfreecell club6 club N6 heart5 N5 N2 N3
