time	nodes	len	fail pr	eval time	
464.13	9609	87	0	0.015	
Incomplete Features: 2688
Solution Evaluation Time (s): 0.015
Model Counting Time (s): 0.0
Nodes Expanded: 9609
Total Time (s): 472.619

Plan found
sendtofree club3 spade6 N4 N3
sendtofree spade4 club2 N3 N2
sendtofree heart7 club5 N2 N1
sendtofree diamond2 diamondA N1 N0
sendtohome diamondA heart8 diamond N1 diamond0 N0
move spade6 heart5 diamond7
move club7 spade5 heart8
colfromfreecell spade4 heart5 N0 N1
sendtofree spade5 heart6 N1 N0
move heart6 club8 club7
colfromfreecell spade5 heart6 N0 N1
sendtofree club8 heartA N1 N0
move-b heartA club2 N0 N1
sendtonewcol club5 heart2 N1 N0
sendtohome heartA club2 heart N1 heart0 N0
sendtohome heart2 club4 heart N2 heartA N1
homefromfreecell club3 club N3 heart2 N2 N0 N1
sendtofree spade4 heart5 N1 N0
homefromfreecell spade4 spade N4 club3 N3 N0 N1
sendtohome spade5 heart6 spade N5 spade4 N4
sendtohome spade6 diamond7 spade N6 spade5 N5
sendtofree diamond7 diamond3 N1 N0
homefromfreecell diamond7 diamond N7 spade6 N6 N0 N1
sendtofree heart6 club7 N1 N0
move club4 diamond8 heart5
move club7 heart8 diamond8
colfromfreecell heart6 club7 N0 N1
sendtofree heart8 club6 N1 N0
move-b club5 heart6 N0 N1
sendtonewcol club4 heart5 N1 N0
move heart5 spade7 club6
move-b club4 heart5 N0 N1
sendtonewcol spade7 spade8 N1 N0
colfromfreecell heart7 spade8 N0 N1
sendtofree club5 heart6 N1 N0
move heart6 club7 spade7
colfromfreecell club5 heart6 N0 N1
sendtofree heart7 spade8 N1 N0
move diamond3 diamond4 club4
move diamond4 spade3 club5
colfromfreecell diamond2 spade3 N0 N1
sendtofree club7 diamond8 N1 N0
sendtohome diamond2 spade3 diamond N2 diamondA N1
move club2 spade2 diamond3
move spade3 clubA diamond4
sendtohome clubA heart4 club N1 club0 N0
sendtohome club2 diamond3 club N2 clubA N1
colfromfreecell heart7 spade8 N0 N1
sendtofree diamond3 club4 N1 N0
homefromfreecell diamond3 diamond N3 club2 N2 N0 N1
sendtofree heart7 spade8 N1 N0
move spade3 diamond4 heart4
sendtohome diamond4 club5 diamond N4 diamond3 N3
colfromfreecell heart7 spade8 N0 N1
sendtofree spade3 heart4 N1 N0
homefromfreecell spade3 spade N3 diamond2 N2 N0 N1
sendtofree heart7 spade8 N1 N0
move-b heart4 club5 N0 N1
sendtonewcol spade2 diamond5 N1 N0
sendtohome diamond5 diamond6 diamond N5 diamond4 N4
sendtohome-b diamond6 diamond N6 diamond5 N5 N0 N1
homefromfreecell heart7 heart N7 diamond6 N6 N0 N1
homefromfreecell heart8 heart N8 heart7 N7 N1 N2
sendtofree spade8 spadeA N2 N1
sendtofree heart4 club5 N1 N0
homefromfreecell heart4 heart N4 spade3 N3 N0 N1
sendtofree club5 heart6 N1 N0
sendtonewcol club4 heart5 N1 N0
sendtohome heart5 club6 heart N5 heart4 N4
sendtohome heart6 spade7 heart N6 heart5 N5
homefromfreecell club7 club N7 heart6 N6 N0 N1
homefromfreecell spade8 spade N8 club7 N7 N1 N2
sendtofree club6 heart3 N2 N1
move-b heart3 club4 N0 N1
move-b spade2 heart3 N1 N2
sendtohome-b spadeA spade N1 spade0 N0 N2 N3
sendtohome spade2 heart3 spade N2 spadeA N1
sendtofree heart3 club4 N1 N0
homefromfreecell heart3 heart N3 spade2 N2 N0 N1
sendtofree-b club4 N1 N0 N3 N4
homefromfreecell club4 club N4 heart3 N3 N0 N1
homefromfreecell club5 club N5 club4 N4 N1 N2
sendtohome-b diamond8 diamond N8 diamond7 N7 N4 N5
sendtofree-b spade7 N2 N1 N5 N6
homefromfreecell club6 club N6 club5 N5 N1 N2
homefromfreecell spade7 spade N7 club6 N6 N2 N3
homefromfreecell club8 club N8 spade7 N7 N3 N4
