time	nodes	len	fail pr	eval time	
17.281	47	17	0	0.003	
Incomplete Features: 28560
Solution Evaluation Time (s): 0.003
Model Counting Time (s): 0.0
Nodes Expanded: 47
Total Time (s): 21.077

Plan found
sendtofree diamond4 diamond3 N2 N1
homefromfreecell diamond4 diamond N4 diamond0 N0 N1 N2
sendtofree diamondA spade2 N2 N1
sendtofree club3 spade3 N1 N0
move spade2 club4 diamond3
colfromfreecell diamondA spade2 N0 N1
homefromfreecell club3 club N3 club0 N0 N1 N2
sendtofree heart3 spadeA N2 N1
homefromfreecell heart3 heart N3 heart0 N0 N1 N2
sendtofree spade3 heart2 N2 N1
homefromfreecell spade3 spade N3 spade0 N0 N1 N2
sendtofree heart2 spade4 N2 N1
sendtohome-b spade4 spade N4 spade3 N3 N0 N1
sendtohome-b club4 club N4 club3 N3 N1 N2
sendtofree diamond2 clubA N1 N0
sendtonewcol clubA heart4 N2 N1
sendtohome-b heart4 heart N4 heart3 N3 N1 N2
