time	nodes	len	fail pr	eval time	
739.215	12498	82	0	0.009	
Incomplete Features: 2688
Solution Evaluation Time (s): 0.009
Model Counting Time (s): 0.0
Nodes Expanded: 12498
Total Time (s): 747.656

Plan found
sendtofree club2 club3 N4 N3
sendtofree diamond4 heart4 N3 N2
sendtofree spade8 spadeA N2 N1
sendtohome spadeA heart6 spade N1 spade0 N0
sendtofree heart5 spade2 N1 N0
sendtohome spade2 spade7 spade N2 spadeA N1
colfromfreecell heart5 club6 N0 N1
sendtofree heart4 spade3 N1 N0
sendtohome spade3 spade5 spade N3 spade2 N2
move spade5 diamond7 heart6
homefromfreecell heart4 heart N4 spade3 N3 N0 N1
sendtofree diamond8 club8 N1 N0
sendtohome heart5 club6 heart N5 heart4 N4
colfromfreecell diamond4 spade5 N0 N1
sendtofree club6 heartA N1 N0
homefromfreecell club6 club N6 heart5 N5 N0 N1
sendtofree spade7 diamond5 N1 N0
homefromfreecell spade7 spade N7 club6 N6 N0 N1
sendtofree club8 heart3 N1 N0
sendtohome heartA spade4 heart N1 heart0 N0
move heart3 heart8 spade4
colfromfreecell club2 heart3 N0 N1
sendtofree heart8 heart7 N1 N0
move club3 heart2 diamond4
move heart2 diamondA club3
move diamondA spade6 club2
move spade6 diamond6 heart7
move diamond5 clubA spade6
move-b clubA heart2 N0 N1
sendtohome clubA heart2 club N1 club0 N0
sendtohome heart2 club3 heart N2 heartA N1
sendtonewcol club3 diamond4 N1 N0
sendtohome diamondA club2 diamond N1 diamond0 N0
sendtohome club2 heart3 club N2 clubA N1
sendtohome-b club3 club N3 club2 N2 N0 N1
sendtonewcol diamond4 spade5 N1 N0
sendtohome heart3 spade4 heart N3 heart2 N2
move spade4 diamond2 diamond5
move spade5 heart6 diamond6
move-b diamond4 spade5 N0 N1
sendtonewcol heart6 club4 N1 N0
sendtohome club4 club7 club N4 club3 N3
sendtohome diamond2 club5 diamond N2 diamondA N1
move-b heart6 club7 N0 N1
sendtonewcol diamond4 spade5 N1 N0
move spade5 diamond6 heart6
move-b club5 diamond6 N0 N1
sendtonewcol spade4 diamond5 N1 N0
move-b diamond4 spade5 N0 N1
sendtonewcol diamond5 spade6 N1 N0
move-b spade4 diamond5 N0 N1
sendtonewcol club5 diamond6 N1 N0
move diamond4 spade5 club5
move spade5 heart6 diamond6
move diamond4 club5 spade5
move-b club5 heart6 N0 N1
sendtonewcol diamond7 diamond3 N1 N0
sendtohome-b diamond3 diamond N3 diamond2 N2 N0 N1
sendtohome diamond4 spade5 diamond N4 diamond3 N3
sendtonewcol spade4 diamond5 N1 N0
move spade6 heart7 diamond7
sendtohome-b diamond5 diamond N5 diamond4 N4 N0 N1
sendtonewcol spade5 diamond6 N1 N0
sendtohome-b diamond6 diamond N6 diamond5 N5 N0 N1
move spade6 diamond7 heart7
homefromfreecell club8 club N8 spade7 N7 N0 N1
sendtohome-b diamond7 diamond N7 diamond6 N6 N1 N2
sendtohome club5 heart6 club N5 club4 N4
sendtofree heart6 club7 N1 N0
homefromfreecell heart6 heart N6 club5 N5 N0 N1
sendtofree-b club7 N1 N0 N2 N3
homefromfreecell diamond8 diamond N8 diamond7 N7 N0 N1
homefromfreecell club7 club N7 heart6 N6 N1 N2
sendtofree-b spade5 N2 N1 N3 N4
sendtofree-b spade4 N1 N0 N4 N5
homefromfreecell spade4 spade N4 heart3 N3 N0 N1
homefromfreecell spade5 spade N5 spade4 N4 N1 N2
sendtohome spade6 heart7 spade N6 spade5 N5
sendtofree-b heart7 N2 N1 N5 N6
homefromfreecell heart8 heart N8 club7 N7 N1 N2
homefromfreecell heart7 heart N7 spade6 N6 N2 N3
homefromfreecell spade8 spade N8 heart7 N7 N3 N4
