time	nodes	len	fail pr	eval time	
2.084	45	17	0.875	0.009	
16.129	3012	25	0.75	0.012	
Incomplete Features: 136
Solution Evaluation Time (s): 0.012
Model Counting Time (s): 0.0
Nodes Expanded: 92578
Total Time (s): 383.5

Plan found
move diamondA heartA club2
sendtohome diamondA club2 diamond N1 diamond0 N0
move spadeA spade2 heart2
sendtofree spadeA heart2 N2 N1
move-b heartA club2 N0 N1
sendtofree heart2 clubA N1 N0
sendtohome heartA club2 heart N1 heart0 N0
sendtonewcol club2 diamond2 N1 N0
colfromfreecell spadeA diamond2 N2 N3
sendtofree spadeA diamond2 N3 N2
move-b clubA diamond2 N0 N1
sendtofree clubA diamond2 N2 N1
colfromfreecell spadeA diamond2 N2 N3
homefromfreecell clubA club N1 club0 N0 N3 N4
sendtonewcol spadeA diamond2 N1 N0
sendtofree-b spadeA N4 N3 N0 N1
homefromfreecell heart2 heart N2 heartA N1 N3 N4
sendtofree-b club2 N4 N3 N1 N2
homefromfreecell club2 club N2 clubA N1 N3 N4
sendtofree-b spade2 N1 N0 N2 N3
colfromfreecell spadeA diamond2 N2 N3
sendtofree spadeA diamond2 N3 N2
sendtohome-b diamond2 diamond N2 diamondA N1 N3 N4
homefromfreecell spadeA spade N1 spade0 N0 N2 N3
homefromfreecell spade2 spade N2 spadeA N1 N3 N4
