time	nodes	len	fail pr	eval time	
9.953	43	15	0.5	0.655	
54.492	177	30	0	0.657	
Incomplete Features: 17472
Solution Evaluation Time (s): 0.657
Model Counting Time (s): 0.013
Nodes Expanded: 178
Total Time (s): 55.354

Plan found
sendtofree spade3 heart2 N2 N1
move club2 diamond3 heart3
sendtofree diamond3 spadeA N1 N0
move-b spadeA heart2 N0 N1
sendtohome spadeA heart2 spade N1 spade0 N0
sendtohome spade2 club3 spade N2 spadeA N1
homefromfreecell spade3 spade N3 spade2 N2 N0 N1
homefromfreecell diamond3 diamond N3 diamond0 N0 N1 N2
sendtofree heart2 heartA N2 N1
move-b heartA club2 N1 N2
sendtonewcol clubA diamondA N2 N1
sendtohome heartA club2 heart N1 heart0 N0
sendtonewcol club2 heart3 N1 N0
move-b diamondA club2 N0 N1
colfromfreecell heart2 club3 N1 N2
sendtohome heart2 club3 heart N2 heartA N1
sendtofree diamondA club2 N2 N1
sendtohome heart3 diamond2 heart N3 heart2 N2
move-b diamond2 club3 N1 N2
sendtofree-b club2 N1 N0 N2 N3
sendtonewcol diamond2 club3 N3 N2
move-b clubA diamond2 N2 N3
sendtohome clubA diamond2 club N1 club0 N0
move-b diamond2 club3 N3 N4
newcolfromfreecell club2 N4 N3 N0 N1
sendtohome-b club2 club N2 clubA N1 N3 N4
newcolfromfreecell diamondA N4 N3 N1 N2
sendtofree diamond2 club3 N2 N1
sendtofree-b diamondA N1 N0 N3 N4
sendtohome-b club3 club N3 club2 N2 N4 N5
