time	nodes	len	fail pr	eval time	
178.757	5284	74	0	0.008	
Incomplete Features: 1920
Solution Evaluation Time (s): 0.008
Model Counting Time (s): 0.0
Nodes Expanded: 5284
Total Time (s): 183.231

Plan found
sendtohome spadeA club6 spade N1 spade0 N0
sendtofree diamond4 club4 N3 N2
colfromfreecell diamond4 club5 N2 N3
move club4 diamond2 diamond5
sendtofree club6 heart7 N3 N2
sendtofree club4 diamond5 N2 N1
sendtofree diamond2 heart6 N1 N0
sendtohome clubA club3 club N1 club0 N0
move club3 diamond6 diamond4
colfromfreecell club6 heart7 N0 N1
move heart2 club7 club3
move heart6 diamond7 club7
move diamond5 diamond3 club6
sendtofree diamond3 club2 N1 N0
sendtohome club2 heart3 club N2 clubA N1
homefromfreecell diamond3 diamond N3 club2 N2 N0 N1
homefromfreecell club4 club N4 diamond3 N3 N1 N2
sendtofree diamond5 club6 N2 N1
homefromfreecell diamond5 diamond N5 club4 N4 N1 N2
sendtofree club6 heart7 N2 N1
sendtofree heart6 club7 N1 N0
homefromfreecell heart6 heart N6 diamond5 N5 N0 N1
colfromfreecell club6 heart7 N1 N2
sendtofree heart2 club3 N2 N1
colfromfreecell diamond2 club3 N1 N2
sendtofree club6 heart7 N2 N1
sendtofree club7 heart4 N1 N0
colfromfreecell club6 diamond7 N0 N1
sendtofree heart4 heartA N1 N0
sendtohome heartA spade2 heart N1 heart0 N0
move-b spade2 heart3 N0 N1
sendtohome spade2 heart3 spade N2 spadeA N1
sendtonewcol heart3 spade3 N1 N0
colfromfreecell heart2 spade3 N0 N1
move club6 diamond7 heart7
sendtohome heart2 spade3 heart N2 heartA N1
sendtohome-b spade3 spade N3 spade2 N2 N0 N1
homefromfreecell heart4 heart N4 spade3 N3 N1 N2
sendtonewcol club6 heart7 N1 N0
sendtofree diamond6 heart5 N2 N1
sendtohome heart5 spade4 heart N5 heart4 N4
homefromfreecell diamond6 diamond N6 heart5 N5 N1 N2
sendtohome-b diamond7 diamond N7 diamond6 N6 N0 N1
sendtonewcol heart7 spade7 N1 N0
sendtohome-b heart3 heart N3 heart2 N2 N0 N1
move-b club6 heart7 N1 N2
sendtofree club6 heart7 N2 N1
sendtofree-b spade7 N1 N0 N2 N3
newcolfromfreecell club6 N3 N2 N0 N1
sendtofree-b spade4 N1 N0 N2 N3
sendtonewcol diamond2 club3 N3 N2
homefromfreecell spade4 spade N4 heart3 N3 N0 N1
sendtofree-b heart7 N1 N0 N2 N3
sendtonewcol club3 diamond4 N3 N2
sendtonewcol diamond4 club5 N2 N1
move-b club3 diamond4 N1 N2
sendtonewcol club5 spade5 N2 N1
sendtohome spade5 diamondA spade N5 spade4 N4
sendtonewcol diamondA spade6 N1 N0
homefromfreecell spade7 spade N7 heart6 N6 N0 N1
sendtohome-b spade6 spade N6 spade5 N5 N0 N1
move-b diamond2 club3 N1 N2
sendtohome-b diamondA diamond N1 diamond0 N0 N2 N3
sendtohome diamond2 club3 diamond N2 diamondA N1
sendtofree club3 diamond4 N1 N0
homefromfreecell club3 club N3 diamond2 N2 N0 N1
sendtofree-b diamond4 N1 N0 N3 N4
homefromfreecell diamond4 diamond N4 club3 N3 N0 N1
sendtofree-b club5 N1 N0 N4 N5
homefromfreecell club7 club N7 spade6 N6 N0 N1
homefromfreecell club5 club N5 diamond4 N4 N1 N2
sendtofree-b club6 N2 N1 N5 N6
homefromfreecell club6 club N6 club5 N5 N1 N2
homefromfreecell heart7 heart N7 club6 N6 N2 N3
