time	nodes	len	fail pr	eval time	
64.018	39	14	0	0.003	
Incomplete Features: 76400
Solution Evaluation Time (s): 0.003
Model Counting Time (s): 0.0
Nodes Expanded: 39
Total Time (s): 73.734

Plan found
sendtofree heart7 heart4 N4 N3
sendtofree diamond6 spade7 N3 N2
homefromfreecell heart7 heart N1 heart0 N0 N2 N3
homefromfreecell diamond6 diamond N1 diamond0 N0 N3 N4
sendtofree heart4 club6 N4 N3
sendtofree club6 spade4 N3 N2
sendtohome diamond7 heartA diamond N7 diamond6 N6
homefromfreecell club6 club N1 club0 N0 N2 N3
sendtofree spade7 diamondA N3 N2
homefromfreecell spade7 spade N1 spade0 N0 N2 N3
sendtofree heartA diamond4 N3 N2
sendtofree diamond4 club2 N2 N1
sendtofree club2 club7 N1 N0
sendtohome club7 clubA club N7 club6 N6
