time	nodes	len	fail pr	eval time	
2.752	200	16	0.99609375	0.035	
126.713	36709	19	0.9921875	0.053	
309.671	86165	26	0.984375	0.063	
Incomplete Features: 1288
Solution Evaluation Time (s): 0.063
Model Counting Time (s): 0.003
Nodes Expanded: 92626
Total Time (s): 336.624

Plan found
sendtofree spadeA spade2 N2 N1
sendtofree diamondA heartA N1 N0
colfromfreecell diamondA spade2 N0 N1
colfromfreecell spadeA heart2 N1 N2
move-b heartA club2 N0 N1
sendtofree diamondA spade2 N2 N1
sendtofree heartA club2 N1 N0
colfromfreecell diamondA spade2 N0 N1
sendtofree spadeA heart2 N1 N0
sendtohome diamondA spade2 diamond N1 diamond0 N0
colfromfreecell heartA club2 N0 N1
colfromfreecell spadeA heart2 N1 N2
sendtohome heartA club2 heart N1 heart0 N0
sendtofree club2 diamond2 N2 N1
sendtofree spadeA heart2 N1 N0
sendtohome heart2 clubA heart N2 heartA N1
move-b clubA diamond2 N1 N2
sendtohome clubA diamond2 club N1 club0 N0
colfromfreecell spadeA diamond2 N0 N1
sendtohome spadeA diamond2 spade N1 spade0 N0
sendtofree-b diamond2 N1 N0 N2 N3
sendtohome-b spade2 spade N2 spadeA N1 N3 N4
newcolfromfreecell club2 N4 N3 N0 N1
sendtohome-b club2 club N2 clubA N1 N3 N4
newcolfromfreecell diamond2 N4 N3 N1 N2
sendtohome-b diamond2 diamond N2 diamondA N1 N3 N4
