time	nodes	len	fail pr	eval time	
3.787	363	21	0.99609375	0.082	
6.681	493	23	0.994140625	0.107	
12.511	1479	26	0.984375	0.126	
12.791	1608	23	0.953125	0.142	
26.094	4396	18	0.90625	0.157	
29.937	6115	16	0.75	0.17	
Incomplete Features: 2408
Solution Evaluation Time (s): 0.17
Model Counting Time (s): 0.003
Nodes Expanded: 11087
Total Time (s): 42.266

Plan found
move diamondA heartA club2
sendtohome diamondA club2 diamond N1 diamond0 N0
move-b heartA club2 N0 N1
sendtohome heartA club2 heart N1 heart0 N0
sendtohome heart2 clubA heart N2 heartA N1
sendtofree club2 diamond2 N2 N1
move-b clubA diamond2 N1 N2
sendtohome clubA diamond2 club N1 club0 N0
sendtofree-b diamond2 N1 N0 N2 N3
sendtonewcol spadeA spade2 N3 N2
sendtohome-b spadeA spade N1 spade0 N0 N2 N3
sendtohome-b spade2 spade N2 spadeA N1 N3 N4
newcolfromfreecell diamond2 N4 N3 N0 N1
sendtohome-b diamond2 club N2 clubA N1 N3 N4
newcolfromfreecell club2 N4 N3 N1 N2
sendtohome-b club2 diamond N2 diamondA N1 N3 N4
