time	nodes	len	fail pr	eval time	
2.933	55	16	0.984375	0.042	
58.267	6493	20	0.96875	0.047	
79.038	9422	17	0.9375	0.052	
247.991	27535	36	0.875	0.058	
Incomplete Features: 784
Solution Evaluation Time (s): 0.058
Model Counting Time (s): 0.001
Nodes Expanded: 28930
Total Time (s): 259.45

Plan found
move diamondA heartA club2
move spadeA spade2 heart2
move-b heartA spade2 N0 N1
sendtonewcol spadeA heart2 N1 N0
sendtohome heartA spade2 heart N1 heart0 N0
move diamondA club2 spade2
move-b spadeA heart2 N0 N1
sendtohome heart2 clubA heart N2 heartA N1
sendtofree spadeA heart2 N2 N1
move-b clubA heart2 N1 N2
sendtonewcol diamondA spade2 N2 N1
move-b diamondA club2 N1 N2
sendtofree-b spade2 N1 N0 N2 N3
sendtonewcol clubA heart2 N3 N2
sendtohome-b clubA club N1 club0 N0 N2 N3
newcolfromfreecell spadeA N3 N2 N0 N1
sendtonewcol diamondA club2 N2 N1
move-b spadeA heart2 N1 N2
sendtohome-b diamondA diamond N1 diamond0 N0 N2 N3
sendtonewcol club2 diamond2 N3 N2
move spadeA heart2 diamond2
sendtofree-b club2 N1 N0 N2 N3
move spadeA diamond2 heart2
newcolfromfreecell spade2 N3 N2 N0 N1
sendtofree-b diamond2 N1 N0 N2 N3
sendtonewcol spadeA heart2 N3 N2
sendtohome-b spadeA spade N1 spade0 N0 N2 N3
newcolfromfreecell diamond2 N3 N2 N0 N1
sendtofree-b spade2 N1 N0 N2 N3
newcolfromfreecell club2 N3 N2 N0 N1
sendtofree-b diamond2 N1 N0 N2 N3
sendtohome-b club2 club N2 clubA N1 N3 N4
newcolfromfreecell spade2 N4 N3 N0 N1
sendtohome-b spade2 spade N2 spadeA N1 N3 N4
newcolfromfreecell diamond2 N4 N3 N1 N2
sendtohome-b diamond2 diamond N2 diamondA N1 N3 N4
